#
# A fatal error has been detected by the Java Runtime Environment:
#
#  EXCEPTION_ACCESS_VIOLATION (0xc0000005) at pc=0x0000000100000000, pid=6492, tid=10352
#
# JRE version: Java(TM) SE Runtime Environment (14.0.1+7) (build 14.0.1+7)
# Java VM: Java HotSpot(TM) 64-Bit Server VM (14.0.1+7, mixed mode, sharing, tiered, compressed oops, g1 gc, windows-amd64)
# Problematic frame:
# C  0x0000000100000000
#
# No core dump will be written. Minidumps are not enabled by default on client versions of Windows
#
# If you would like to submit a bug report, please visit:
#   https://bugreport.java.com/bugreport/crash.jsp
#

---------------  S U M M A R Y ------------

Command Line: -XX:MaxMetaspaceSize=256m -XX:+HeapDumpOnOutOfMemoryError --add-opens=java.base/java.util=ALL-UNNAMED --add-opens=java.base/java.lang=ALL-UNNAMED --add-opens=java.base/java.lang.invoke=ALL-UNNAMED --add-opens=java.prefs/java.util.prefs=ALL-UNNAMED -Xms256m -Xmx512m -Dfile.encoding=windows-1252 -Duser.country=FR -Duser.language=fr -Duser.variant org.gradle.launcher.daemon.bootstrap.GradleDaemon 6.8.2

Host: Intel(R) Core(TM) i5-4460  CPU @ 3.20GHz, 4 cores, 15G,  Windows 10 , 64 bit Build 19041 (10.0.19041.804)
Time: Wed Mar 10 10:12:41 2021 Paris, Madrid elapsed time: 3139 seconds (0d 0h 52m 19s)

---------------  T H R E A D  ---------------

Current thread (0x000002b35336f800):  ConcurrentGCThread "G1 Conc#0" [stack: 0x000000ecea800000,0x000000ecea900000] [id=10352]

Stack: [0x000000ecea800000,0x000000ecea900000],  sp=0x000000ecea8ff488,  free space=1021k
Native frames: (J=compiled Java code, j=interpreted, Vv=VM code, C=native code)
C  0x0000000100000000


siginfo: EXCEPTION_ACCESS_VIOLATION (0xc0000005), data execution prevention violation at address 0x0000000100000000


Register to memory mapping:

RIP=0x0000000100000000 is an unknown value
RAX=0x00007ff9abf7fe20 jvm.dll
RBX=0x000000000dc56251 is an unknown value
RCX=0x000000ecea8ff5c0 points into unknown readable memory: 68 c5 e0 ab f9 7f 00 00
RDX=0x00000000e02ead48 points into unknown readable memory: 7e b4 00 00 0f 0e 01 00
RSP=0x000000ecea8ff488 points into unknown readable memory: c1 7a 85 ab f9 7f 00 00
RBP=0x000000ecea8ff5c0 points into unknown readable memory: 68 c5 e0 ab f9 7f 00 00
RSI=0x00000000e02ead48 points into unknown readable memory: 7e b4 00 00 0f 0e 01 00
RDI=0x00000008000006c0 is pointing into metadata
R8 =0x00000008000006c0 is pointing into metadata
R9 =0x00000000000002b3 is an unknown value
R10=0x0000000800000000 is pointing into metadata
R11=0x346dc5d63886594b is an unknown value
R12=0x0 is NULL
R13=0x0000000000000001 is an unknown value
R14=0x000002b353370110 points into unknown readable memory: 00 00 00 00 00 00 00 00
R15=0x000000ecea8ff580 points into unknown readable memory: e0 90 36 53 b3 02 00 00


Registers:
RAX=0x00007ff9abf7fe20, RBX=0x000000000dc56251, RCX=0x000000ecea8ff5c0, RDX=0x00000000e02ead48
RSP=0x000000ecea8ff488, RBP=0x000000ecea8ff5c0, RSI=0x00000000e02ead48, RDI=0x00000008000006c0
R8 =0x00000008000006c0, R9 =0x00000000000002b3, R10=0x0000000800000000, R11=0x346dc5d63886594b
R12=0x0000000000000000, R13=0x0000000000000001, R14=0x000002b353370110, R15=0x000000ecea8ff580
RIP=0x0000000100000000, EFLAGS=0x0000000000010202

Top of Stack: (sp=0x000000ecea8ff488)
0x000000ecea8ff488:   00007ff9ab857ac1 000000000000000e
0x000000ecea8ff498:   000000ecea8ff5c0 00000000e02df078
0x000000ecea8ff4a8:   000002b353371310 000002b353371310
0x000000ecea8ff4b8:   00007ff9ab86e13e 00000000e02ead48
0x000000ecea8ff4c8:   000002b3533690f8 000000ecea8ff580
0x000000ecea8ff4d8:   00007ff9abbb215c 0000000000060000
0x000000ecea8ff4e8:   00007ff9ab86a8db 000000000005d5a9
0x000000ecea8ff4f8:   000000000005b5ce 000002b3533690f8
0x000000ecea8ff508:   000000ecea8ff580 00000000e02ead48
0x000000ecea8ff518:   00007ff9ab86c38c 00000000e02ead48
0x000000ecea8ff528:   0000000000060000 000000000005d5a9
0x000000ecea8ff538:   000002b353371310 000002b353370401
0x000000ecea8ff548:   000002b353370110 000002b353371310
0x000000ecea8ff558:   00007ff9ab86b184 aaaaaaaaaaaaaaab
0x000000ecea8ff568:   0000000000000000 000002b35333bb10
0x000000ecea8ff578:   000002b35333bb10 000002b3533690e0 

Instructions: (pc=0x0000000100000000)
0x00000000ffffff00:   ?? ?? ?? ?? ?? ?? ?? ?? ?? ?? ?? ?? ?? ?? ?? ??
0x00000000ffffff10:   ?? ?? ?? ?? ?? ?? ?? ?? ?? ?? ?? ?? ?? ?? ?? ??
0x00000000ffffff20:   ?? ?? ?? ?? ?? ?? ?? ?? ?? ?? ?? ?? ?? ?? ?? ??
0x00000000ffffff30:   ?? ?? ?? ?? ?? ?? ?? ?? ?? ?? ?? ?? ?? ?? ?? ??
0x00000000ffffff40:   ?? ?? ?? ?? ?? ?? ?? ?? ?? ?? ?? ?? ?? ?? ?? ??
0x00000000ffffff50:   ?? ?? ?? ?? ?? ?? ?? ?? ?? ?? ?? ?? ?? ?? ?? ??
0x00000000ffffff60:   ?? ?? ?? ?? ?? ?? ?? ?? ?? ?? ?? ?? ?? ?? ?? ??
0x00000000ffffff70:   ?? ?? ?? ?? ?? ?? ?? ?? ?? ?? ?? ?? ?? ?? ?? ??
0x00000000ffffff80:   ?? ?? ?? ?? ?? ?? ?? ?? ?? ?? ?? ?? ?? ?? ?? ??
0x00000000ffffff90:   ?? ?? ?? ?? ?? ?? ?? ?? ?? ?? ?? ?? ?? ?? ?? ??
0x00000000ffffffa0:   ?? ?? ?? ?? ?? ?? ?? ?? ?? ?? ?? ?? ?? ?? ?? ??
0x00000000ffffffb0:   ?? ?? ?? ?? ?? ?? ?? ?? ?? ?? ?? ?? ?? ?? ?? ??
0x00000000ffffffc0:   ?? ?? ?? ?? ?? ?? ?? ?? ?? ?? ?? ?? ?? ?? ?? ??
0x00000000ffffffd0:   ?? ?? ?? ?? ?? ?? ?? ?? ?? ?? ?? ?? ?? ?? ?? ??
0x00000000ffffffe0:   ?? ?? ?? ?? ?? ?? ?? ?? ?? ?? ?? ?? ?? ?? ?? ??
0x00000000fffffff0:   ?? ?? ?? ?? ?? ?? ?? ?? ?? ?? ?? ?? ?? ?? ?? ??
0x0000000100000000:   ?? ?? ?? ?? ?? ?? ?? ?? ?? ?? ?? ?? ?? ?? ?? ??
0x0000000100000010:   ?? ?? ?? ?? ?? ?? ?? ?? ?? ?? ?? ?? ?? ?? ?? ??
0x0000000100000020:   ?? ?? ?? ?? ?? ?? ?? ?? ?? ?? ?? ?? ?? ?? ?? ??
0x0000000100000030:   ?? ?? ?? ?? ?? ?? ?? ?? ?? ?? ?? ?? ?? ?? ?? ??
0x0000000100000040:   ?? ?? ?? ?? ?? ?? ?? ?? ?? ?? ?? ?? ?? ?? ?? ??
0x0000000100000050:   ?? ?? ?? ?? ?? ?? ?? ?? ?? ?? ?? ?? ?? ?? ?? ??
0x0000000100000060:   ?? ?? ?? ?? ?? ?? ?? ?? ?? ?? ?? ?? ?? ?? ?? ??
0x0000000100000070:   ?? ?? ?? ?? ?? ?? ?? ?? ?? ?? ?? ?? ?? ?? ?? ??
0x0000000100000080:   ?? ?? ?? ?? ?? ?? ?? ?? ?? ?? ?? ?? ?? ?? ?? ??
0x0000000100000090:   ?? ?? ?? ?? ?? ?? ?? ?? ?? ?? ?? ?? ?? ?? ?? ??
0x00000001000000a0:   ?? ?? ?? ?? ?? ?? ?? ?? ?? ?? ?? ?? ?? ?? ?? ??
0x00000001000000b0:   ?? ?? ?? ?? ?? ?? ?? ?? ?? ?? ?? ?? ?? ?? ?? ??
0x00000001000000c0:   ?? ?? ?? ?? ?? ?? ?? ?? ?? ?? ?? ?? ?? ?? ?? ??
0x00000001000000d0:   ?? ?? ?? ?? ?? ?? ?? ?? ?? ?? ?? ?? ?? ?? ?? ??
0x00000001000000e0:   ?? ?? ?? ?? ?? ?? ?? ?? ?? ?? ?? ?? ?? ?? ?? ??
0x00000001000000f0:   ?? ?? ?? ?? ?? ?? ?? ?? ?? ?? ?? ?? ?? ?? ?? ?? 


Stack slot to memory mapping:
stack at sp + 0 slots: 0x00007ff9ab857ac1 jvm.dll
stack at sp + 1 slots: 0x000000000000000e is an unknown value
stack at sp + 2 slots: 0x000000ecea8ff5c0 points into unknown readable memory: 68 c5 e0 ab f9 7f 00 00
stack at sp + 3 slots: 0x00000000e02df078 is an oop: java.lang.Class 
{0x00000000e02df078} - klass: 'java/lang/Class'
stack at sp + 4 slots: 0x000002b353371310 points into unknown readable memory: 48 c5 e0 ab f9 7f 00 00
stack at sp + 5 slots: 0x000002b353371310 points into unknown readable memory: 48 c5 e0 ab f9 7f 00 00
stack at sp + 6 slots: 0x00007ff9ab86e13e jvm.dll
stack at sp + 7 slots: 0x00000000e02ead48 points into unknown readable memory: 7e b4 00 00 0f 0e 01 00


---------------  P R O C E S S  ---------------

Threads class SMR info:
_java_thread_list=0x000002b37832e260, length=58, elements={
0x000002b35333c800, 0x000002b36e2c3000, 0x000002b36e2c4000, 0x000002b36e2de000,
0x000002b36e2e3000, 0x000002b36e2e6800, 0x000002b36e2e9800, 0x000002b36ec78800,
0x000002b36eca1000, 0x000002b36ed62000, 0x000002b36ed79000, 0x000002b370aa3800,
0x000002b370c2d800, 0x000002b370905000, 0x000002b37096d000, 0x000002b370967800,
0x000002b37096e000, 0x000002b374330000, 0x000002b374332800, 0x000002b374337800,
0x000002b377b9b000, 0x000002b377b92000, 0x000002b377b91000, 0x000002b377b8f800,
0x000002b377b8c000, 0x000002b377b92800, 0x000002b377b8d000, 0x000002b377b8e000,
0x000002b377b93800, 0x000002b377b8e800, 0x000002b377b90800, 0x000002b377b98800,
0x000002b377b95000, 0x000002b377b9a000, 0x000002b377b96000, 0x000002b377b94800,
0x000002b377b97800, 0x000002b377b99800, 0x000002b37432c000, 0x000002b37432d000,
0x000002b37432f800, 0x000002b374329800, 0x000002b37432b800, 0x000002b37432e800,
0x000002b37432a800, 0x000002b374331000, 0x000002b374332000, 0x000002b374333800,
0x000002b37432d800, 0x000002b374335000, 0x000002b374336000, 0x000002b374336800,
0x000002b37096b800, 0x000002b370969000, 0x000002b37096a800, 0x000002b370968000,
0x000002b37096c000, 0x000002b374394000
}

Java Threads: ( => current thread )
  0x000002b35333c800 JavaThread "main" [_thread_blocked, id=6968, stack(0x000000ecea500000,0x000000ecea600000)]
  0x000002b36e2c3000 JavaThread "Reference Handler" daemon [_thread_blocked, id=12064, stack(0x000000eceac00000,0x000000ecead00000)]
  0x000002b36e2c4000 JavaThread "Finalizer" daemon [_thread_blocked, id=12032, stack(0x000000ecead00000,0x000000eceae00000)]
  0x000002b36e2de000 JavaThread "Signal Dispatcher" daemon [_thread_blocked, id=12080, stack(0x000000eceae00000,0x000000eceaf00000)]
  0x000002b36e2e3000 JavaThread "Attach Listener" daemon [_thread_blocked, id=8216, stack(0x000000eceaf00000,0x000000eceb000000)]
  0x000002b36e2e6800 JavaThread "Service Thread" daemon [_thread_blocked, id=9972, stack(0x000000eceb000000,0x000000eceb100000)]
  0x000002b36e2e9800 JavaThread "C2 CompilerThread0" daemon [_thread_in_native, id=11828, stack(0x000000eceb100000,0x000000eceb200000)]
  0x000002b36ec78800 JavaThread "C1 CompilerThread0" daemon [_thread_blocked, id=11712, stack(0x000000eceb200000,0x000000eceb300000)]
  0x000002b36eca1000 JavaThread "Sweeper thread" daemon [_thread_blocked, id=12168, stack(0x000000eceb300000,0x000000eceb400000)]
  0x000002b36ed62000 JavaThread "Common-Cleaner" daemon [_thread_blocked, id=11632, stack(0x000000eceb400000,0x000000eceb500000)]
  0x000002b36ed79000 JavaThread "Notification Thread" daemon [_thread_blocked, id=4812, stack(0x000000eceb500000,0x000000eceb600000)]
  0x000002b370aa3800 JavaThread "Daemon health stats" [_thread_blocked, id=1812, stack(0x000000ecebb00000,0x000000ecebc00000)]
  0x000002b370c2d800 JavaThread "Incoming local TCP Connector on port 50541" [_thread_in_native, id=9344, stack(0x000000ecebe00000,0x000000ecebf00000)]
  0x000002b370905000 JavaThread "Daemon periodic checks" [_thread_blocked, id=11412, stack(0x000000ecebf00000,0x000000ecec000000)]
  0x000002b37096d000 JavaThread "Cache worker for file hash cache (C:\Users\Madit\.gradle\caches\6.8.2\fileHashes)" [_thread_blocked, id=12312, stack(0x000000ecec600000,0x000000ecec700000)]
  0x000002b370967800 JavaThread "File lock request listener" [_thread_in_native, id=12316, stack(0x000000ecec700000,0x000000ecec800000)]
  0x000002b37096e000 JavaThread "Cache worker for journal cache (C:\Users\Madit\.gradle\caches\journal-1)" [_thread_blocked, id=12324, stack(0x000000ecec800000,0x000000ecec900000)]
  0x000002b374330000 JavaThread "Cache worker for execution history cache (C:\Users\Madit\.gradle\caches\6.8.2\executionHistory)" [_thread_blocked, id=12488, stack(0x000000ecee800000,0x000000ecee900000)]
  0x000002b374332800 JavaThread "Cache worker for file content cache (C:\Users\Madit\.gradle\caches\6.8.2\fileContent)" [_thread_blocked, id=12572, stack(0x000000ecee900000,0x000000eceea00000)]
  0x000002b374337800 JavaThread "Memory manager" [_thread_blocked, id=12752, stack(0x000000eceef00000,0x000000ecef000000)]
  0x000002b377b9b000 JavaThread "Cache worker for Java compile cache (C:\Users\Madit\.gradle\caches\6.8.2\javaCompile)" [_thread_blocked, id=11228, stack(0x000000ecee300000,0x000000ecee400000)]
  0x000002b377b92000 JavaThread "Daemon Thread 7" [_thread_blocked, id=12668, stack(0x000000ecea200000,0x000000ecea300000)]
  0x000002b377b91000 JavaThread "Handler for socket connection from /127.0.0.1:50541 to /127.0.0.1:56101" [_thread_in_native, id=12212, stack(0x000000ecea300000,0x000000ecea400000)]
  0x000002b377b8f800 JavaThread "Cancel handler" [_thread_blocked, id=4184, stack(0x000000ecea400000,0x000000ecea500000)]
  0x000002b377b8c000 JavaThread "Daemon worker Thread 7" [_thread_in_native, id=13848, stack(0x000000eceba00000,0x000000ecebb00000)]
  0x000002b377b92800 JavaThread "Asynchronous log dispatcher for DefaultDaemonConnection: socket connection from /127.0.0.1:50541 to /127.0.0.1:56101" [_thread_blocked, id=13788, stack(0x000000ecebc00000,0x000000ecebd00000)]
  0x000002b377b8d000 JavaThread "Stdin handler" [_thread_blocked, id=8856, stack(0x000000ecebd00000,0x000000ecebe00000)]
  0x000002b377b8e000 JavaThread "Daemon client event forwarder" [_thread_blocked, id=13084, stack(0x000000ecec000000,0x000000ecec100000)]
  0x000002b377b93800 JavaThread "Cache worker for file hash cache (E:\EPSI Cours\Frameworks\frontwebservice\.gradle\6.8.2\fileHashes)" [_thread_blocked, id=13612, stack(0x000000ecec100000,0x000000ecec200000)]
  0x000002b377b8e800 JavaThread "Cache worker for checksums cache (E:\EPSI Cours\Frameworks\frontwebservice\.gradle\checksums)" [_thread_blocked, id=5804, stack(0x000000ecec200000,0x000000ecec300000)]
  0x000002b377b90800 JavaThread "Cache worker for cache directory md-supplier (C:\Users\Madit\.gradle\caches\6.8.2\md-supplier)" [_thread_blocked, id=13688, stack(0x000000ecec300000,0x000000ecec400000)]
  0x000002b377b98800 JavaThread "Cache worker for cache directory md-rule (C:\Users\Madit\.gradle\caches\6.8.2\md-rule)" [_thread_blocked, id=4924, stack(0x000000ecec400000,0x000000ecec500000)]
  0x000002b377b95000 JavaThread "jar transforms Thread 138" [_thread_blocked, id=624, stack(0x000000ecec500000,0x000000ecec600000)]
  0x000002b377b9a000 JavaThread "jar transforms Thread 139" [_thread_blocked, id=1340, stack(0x000000ecec900000,0x000000ececa00000)]
  0x000002b377b96000 JavaThread "jar transforms Thread 140" [_thread_blocked, id=7876, stack(0x000000ececa00000,0x000000ececb00000)]
  0x000002b377b94800 JavaThread "jar transforms Thread 141" [_thread_blocked, id=6224, stack(0x000000ececb00000,0x000000ececc00000)]
  0x000002b377b97800 JavaThread "jar transforms Thread 142" [_thread_blocked, id=11532, stack(0x000000ececc00000,0x000000ececd00000)]
  0x000002b377b99800 JavaThread "jar transforms Thread 143" [_thread_blocked, id=6820, stack(0x000000ececd00000,0x000000ecece00000)]
  0x000002b37432c000 JavaThread "jar transforms Thread 144" [_thread_blocked, id=12980, stack(0x000000ecece00000,0x000000ececf00000)]
  0x000002b37432d000 JavaThread "jar transforms Thread 145" [_thread_blocked, id=12736, stack(0x000000ececf00000,0x000000eced000000)]
  0x000002b37432f800 JavaThread "jar transforms Thread 146" [_thread_blocked, id=4084, stack(0x000000eced000000,0x000000eced100000)]
  0x000002b374329800 JavaThread "jar transforms Thread 147" [_thread_blocked, id=2072, stack(0x000000eced100000,0x000000eced200000)]
  0x000002b37432b800 JavaThread "jar transforms Thread 148" [_thread_blocked, id=3344, stack(0x000000eced200000,0x000000eced300000)]
  0x000002b37432e800 JavaThread "jar transforms Thread 149" [_thread_blocked, id=13484, stack(0x000000eced300000,0x000000eced400000)]
  0x000002b37432a800 JavaThread "jar transforms Thread 150" [_thread_blocked, id=13852, stack(0x000000eced400000,0x000000eced500000)]
  0x000002b374331000 JavaThread "jar transforms Thread 151" [_thread_blocked, id=14152, stack(0x000000eced500000,0x000000eced600000)]
  0x000002b374332000 JavaThread "jar transforms Thread 152" [_thread_blocked, id=8944, stack(0x000000eced600000,0x000000eced700000)]
  0x000002b374333800 JavaThread "jar transforms Thread 153" [_thread_blocked, id=9768, stack(0x000000eced700000,0x000000eced800000)]
  0x000002b37432d800 JavaThread "jar transforms Thread 154" [_thread_blocked, id=13328, stack(0x000000eced800000,0x000000eced900000)]
  0x000002b374335000 JavaThread "jar transforms Thread 155" [_thread_blocked, id=11644, stack(0x000000eced900000,0x000000eceda00000)]
  0x000002b374336000 JavaThread "jar transforms Thread 156" [_thread_blocked, id=13736, stack(0x000000eceda00000,0x000000ecedb00000)]
  0x000002b374336800 JavaThread "Cache worker for Build Output Cleanup Cache (E:\EPSI Cours\Frameworks\frontwebservice\.gradle\buildOutputCleanup)" [_thread_blocked, id=13720, stack(0x000000ecedb00000,0x000000ecedc00000)]
  0x000002b37096b800 JavaThread "Build operations" [_thread_blocked, id=9628, stack(0x000000ecedc00000,0x000000ecedd00000)]
  0x000002b370969000 JavaThread "Build operations Thread 2" [_thread_blocked, id=1224, stack(0x000000ecedd00000,0x000000ecede00000)]
  0x000002b37096a800 JavaThread "Build operations Thread 3" [_thread_blocked, id=12404, stack(0x000000ecede00000,0x000000ecedf00000)]
  0x000002b370968000 JavaThread "Build operations Thread 4" [_thread_blocked, id=9580, stack(0x000000ecedf00000,0x000000ecee000000)]
  0x000002b37096c000 JavaThread "C2 CompilerThread1" daemon [_thread_in_vm, id=12492, stack(0x000000ecee000000,0x000000ecee100000)]
  0x000002b374394000 JavaThread "Cache worker for execution history cache (E:\EPSI Cours\Frameworks\frontwebservice\.gradle\6.8.2\executionHistory)" [_thread_blocked, id=11312, stack(0x000000ecee600000,0x000000ecee700000)]

Other Threads:
  0x000002b36e2bb000 VMThread "VM Thread" [stack: 0x000000eceab00000,0x000000eceac00000] [id=11416]
  0x000002b36ed7b000 WatcherThread [stack: 0x000000eceb600000,0x000000eceb700000] [id=12204]
  0x000002b353367800 GCTaskThread "GC Thread#0" [stack: 0x000000ecea600000,0x000000ecea700000] [id=7200]
  0x000002b36f18a800 GCTaskThread "GC Thread#1" [stack: 0x000000eceb700000,0x000000eceb800000] [id=9740]
  0x000002b36f34e800 GCTaskThread "GC Thread#2" [stack: 0x000000eceb800000,0x000000eceb900000] [id=4092]
  0x000002b36ef0b000 GCTaskThread "GC Thread#3" [stack: 0x000000eceb900000,0x000000eceba00000] [id=3884]
  0x000002b35336e000 ConcurrentGCThread "G1 Main Marker" [stack: 0x000000ecea700000,0x000000ecea800000] [id=8940]
=>0x000002b35336f800 ConcurrentGCThread "G1 Conc#0" [stack: 0x000000ecea800000,0x000000ecea900000] [id=10352]
  0x000002b35341d000 ConcurrentGCThread "G1 Refine#0" [stack: 0x000000ecea900000,0x000000eceaa00000] [id=11708]
  0x000002b373ff5000 ConcurrentGCThread "G1 Refine#1" [stack: 0x000000ecef000000,0x000000ecef100000] [id=12768]
  0x000002b373ff6000 ConcurrentGCThread "G1 Refine#2" [stack: 0x000000ecef100000,0x000000ecef200000] [id=13028]
  0x000002b373ff6800 ConcurrentGCThread "G1 Refine#3" [stack: 0x000000ecee500000,0x000000ecee600000] [id=12716]
  0x000002b35341e000 ConcurrentGCThread "G1 Young RemSet Sampling" [stack: 0x000000eceaa00000,0x000000eceab00000] [id=6212]

Threads with active compile tasks:
C2 CompilerThread0  3139394 18134       4       org.gradle.api.internal.artifacts.type.DefaultArtifactTypeRegistry::mapAttributesFor (202 bytes)
C2 CompilerThread1  3139394 18136       4       org.gradle.api.internal.artifacts.ivyservice.resolveengine.artifact.DefaultArtifactSet::toResolvedVariant (253 bytes)

VM state:not at safepoint (normal execution)

VM Mutex/Monitor currently owned by a thread: None

Heap address: 0x00000000e0000000, size: 512 MB, Compressed Oops mode: 32-bit
Narrow klass base: 0x0000000800000000, Narrow klass shift: 3
Compressed class space size: 260046848 Address: 0x0000000800b30000

Heap:
 garbage-first heap   total 262144K, used 194119K [0x00000000e0000000, 0x0000000100000000)
  region size 1024K, 62 young (63488K), 6 survivors (6144K)
 Metaspace       used 79743K, capacity 83393K, committed 84176K, reserved 327680K
  class space    used 10092K, capacity 11275K, committed 11392K, reserved 253952K
Heap Regions: E=young(eden), S=young(survivor), O=old, HS=humongous(starts), HC=humongous(continues), CS=collection set, F=free, OA=open archive, CA=closed archive, TAMS=top-at-mark-start (previous, next)
|   0|0x00000000e0000000, 0x00000000e0100000, 0x00000000e0100000|100%| O|  |TAMS 0x00000000e0100000, 0x00000000e0100000| Untracked 
|   1|0x00000000e0100000, 0x00000000e0200000, 0x00000000e0200000|100%| O|  |TAMS 0x00000000e0200000, 0x00000000e0200000| Untracked 
|   2|0x00000000e0200000, 0x00000000e0300000, 0x00000000e0300000|100%| O|  |TAMS 0x00000000e0300000, 0x00000000e0300000| Untracked 
|   3|0x00000000e0300000, 0x00000000e0400000, 0x00000000e0400000|100%|HS|  |TAMS 0x00000000e0400000, 0x00000000e0400000| Complete 
|   4|0x00000000e0400000, 0x00000000e0500000, 0x00000000e0500000|100%|HC|  |TAMS 0x00000000e0500000, 0x00000000e0500000| Complete 
|   5|0x00000000e0500000, 0x00000000e0600000, 0x00000000e0600000|100%|HC|  |TAMS 0x00000000e0600000, 0x00000000e0600000| Complete 
|   6|0x00000000e0600000, 0x00000000e0700000, 0x00000000e0700000|100%| O|  |TAMS 0x00000000e0700000, 0x00000000e0700000| Untracked 
|   7|0x00000000e0700000, 0x00000000e0800000, 0x00000000e0800000|100%| O|  |TAMS 0x00000000e0800000, 0x00000000e0800000| Untracked 
|   8|0x00000000e0800000, 0x00000000e0900000, 0x00000000e0900000|100%| O|  |TAMS 0x00000000e0900000, 0x00000000e0900000| Untracked 
|   9|0x00000000e0900000, 0x00000000e0a00000, 0x00000000e0a00000|100%| O|  |TAMS 0x00000000e0900000, 0x00000000e0a00000| Untracked 
|  10|0x00000000e0a00000, 0x00000000e0b00000, 0x00000000e0b00000|100%| O|  |TAMS 0x00000000e0a00000, 0x00000000e0a00000| Untracked 
|  11|0x00000000e0b00000, 0x00000000e0c00000, 0x00000000e0c00000|100%| O|  |TAMS 0x00000000e0b00000, 0x00000000e0b00000| Untracked 
|  12|0x00000000e0c00000, 0x00000000e0d00000, 0x00000000e0d00000|100%| O|  |TAMS 0x00000000e0c00000, 0x00000000e0d00000| Untracked 
|  13|0x00000000e0d00000, 0x00000000e0e00000, 0x00000000e0e00000|100%| O|  |TAMS 0x00000000e0e00000, 0x00000000e0e00000| Untracked 
|  14|0x00000000e0e00000, 0x00000000e0f00000, 0x00000000e0f00000|100%| O|  |TAMS 0x00000000e0e00000, 0x00000000e0f00000| Untracked 
|  15|0x00000000e0f00000, 0x00000000e1000000, 0x00000000e1000000|100%| O|  |TAMS 0x00000000e0f00000, 0x00000000e1000000| Untracked 
|  16|0x00000000e1000000, 0x00000000e1100000, 0x00000000e1100000|100%| O|  |TAMS 0x00000000e1000000, 0x00000000e1100000| Untracked 
|  17|0x00000000e1100000, 0x00000000e1200000, 0x00000000e1200000|100%| O|  |TAMS 0x00000000e1200000, 0x00000000e1200000| Untracked 
|  18|0x00000000e1200000, 0x00000000e1300000, 0x00000000e1300000|100%| O|  |TAMS 0x00000000e1200000, 0x00000000e1300000| Untracked 
|  19|0x00000000e1300000, 0x00000000e1400000, 0x00000000e1400000|100%| O|  |TAMS 0x00000000e1300000, 0x00000000e1400000| Untracked 
|  20|0x00000000e1400000, 0x00000000e1500000, 0x00000000e1500000|100%| O|  |TAMS 0x00000000e1500000, 0x00000000e1500000| Untracked 
|  21|0x00000000e1500000, 0x00000000e1600000, 0x00000000e1600000|100%| O|  |TAMS 0x00000000e1600000, 0x00000000e1600000| Untracked 
|  22|0x00000000e1600000, 0x00000000e1700000, 0x00000000e1700000|100%| O|  |TAMS 0x00000000e1700000, 0x00000000e1700000| Untracked 
|  23|0x00000000e1700000, 0x00000000e1800000, 0x00000000e1800000|100%| O|  |TAMS 0x00000000e1800000, 0x00000000e1800000| Untracked 
|  24|0x00000000e1800000, 0x00000000e1900000, 0x00000000e1900000|100%| O|  |TAMS 0x00000000e1900000, 0x00000000e1900000| Untracked 
|  25|0x00000000e1900000, 0x00000000e1a00000, 0x00000000e1a00000|100%| O|  |TAMS 0x00000000e1900000, 0x00000000e1900000| Untracked 
|  26|0x00000000e1a00000, 0x00000000e1b00000, 0x00000000e1b00000|100%| O|  |TAMS 0x00000000e1a00000, 0x00000000e1b00000| Untracked 
|  27|0x00000000e1b00000, 0x00000000e1c00000, 0x00000000e1c00000|100%| O|  |TAMS 0x00000000e1c00000, 0x00000000e1c00000| Untracked 
|  28|0x00000000e1c00000, 0x00000000e1d00000, 0x00000000e1d00000|100%| O|  |TAMS 0x00000000e1d00000, 0x00000000e1d00000| Untracked 
|  29|0x00000000e1d00000, 0x00000000e1e00000, 0x00000000e1e00000|100%| O|  |TAMS 0x00000000e1d00000, 0x00000000e1d00000| Untracked 
|  30|0x00000000e1e00000, 0x00000000e1f00000, 0x00000000e1f00000|100%| O|  |TAMS 0x00000000e1f00000, 0x00000000e1f00000| Untracked 
|  31|0x00000000e1f00000, 0x00000000e2000000, 0x00000000e2000000|100%| O|  |TAMS 0x00000000e2000000, 0x00000000e2000000| Untracked 
|  32|0x00000000e2000000, 0x00000000e2100000, 0x00000000e2100000|100%|HS|  |TAMS 0x00000000e2100000, 0x00000000e2100000| Complete 
|  33|0x00000000e2100000, 0x00000000e2200000, 0x00000000e2200000|100%|HC|  |TAMS 0x00000000e2200000, 0x00000000e2200000| Complete 
|  34|0x00000000e2200000, 0x00000000e2300000, 0x00000000e2300000|100%|HC|  |TAMS 0x00000000e2300000, 0x00000000e2300000| Complete 
|  35|0x00000000e2300000, 0x00000000e2400000, 0x00000000e2400000|100%|HC|  |TAMS 0x00000000e2400000, 0x00000000e2400000| Complete 
|  36|0x00000000e2400000, 0x00000000e2500000, 0x00000000e2500000|100%|HS|  |TAMS 0x00000000e2500000, 0x00000000e2500000| Complete 
|  37|0x00000000e2500000, 0x00000000e2600000, 0x00000000e2600000|100%|HC|  |TAMS 0x00000000e2600000, 0x00000000e2600000| Complete 
|  38|0x00000000e2600000, 0x00000000e2700000, 0x00000000e2700000|100%|HC|  |TAMS 0x00000000e2700000, 0x00000000e2700000| Complete 
|  39|0x00000000e2700000, 0x00000000e2800000, 0x00000000e2800000|100%| O|  |TAMS 0x00000000e2700000, 0x00000000e2800000| Untracked 
|  40|0x00000000e2800000, 0x00000000e2900000, 0x00000000e2900000|100%| O|  |TAMS 0x00000000e2900000, 0x00000000e2900000| Untracked 
|  41|0x00000000e2900000, 0x00000000e2a00000, 0x00000000e2a00000|100%| O|  |TAMS 0x00000000e2a00000, 0x00000000e2a00000| Untracked 
|  42|0x00000000e2a00000, 0x00000000e2b00000, 0x00000000e2b00000|100%| O|  |TAMS 0x00000000e2b00000, 0x00000000e2b00000| Untracked 
|  43|0x00000000e2b00000, 0x00000000e2c00000, 0x00000000e2c00000|100%| O|  |TAMS 0x00000000e2c00000, 0x00000000e2c00000| Untracked 
|  44|0x00000000e2c00000, 0x00000000e2d00000, 0x00000000e2d00000|100%| O|  |TAMS 0x00000000e2d00000, 0x00000000e2d00000| Untracked 
|  45|0x00000000e2d00000, 0x00000000e2e00000, 0x00000000e2e00000|100%| O|  |TAMS 0x00000000e2e00000, 0x00000000e2e00000| Untracked 
|  46|0x00000000e2e00000, 0x00000000e2f00000, 0x00000000e2f00000|100%| O|  |TAMS 0x00000000e2e00000, 0x00000000e2f00000| Untracked 
|  47|0x00000000e2f00000, 0x00000000e3000000, 0x00000000e3000000|100%| O|  |TAMS 0x00000000e2f00000, 0x00000000e3000000| Untracked 
|  48|0x00000000e3000000, 0x00000000e3100000, 0x00000000e3100000|100%| O|  |TAMS 0x00000000e3100000, 0x00000000e3100000| Untracked 
|  49|0x00000000e3100000, 0x00000000e3200000, 0x00000000e3200000|100%|HS|  |TAMS 0x00000000e3200000, 0x00000000e3200000| Complete 
|  50|0x00000000e3200000, 0x00000000e3300000, 0x00000000e3300000|100%|HC|  |TAMS 0x00000000e3300000, 0x00000000e3300000| Complete 
|  51|0x00000000e3300000, 0x00000000e3400000, 0x00000000e3400000|100%| O|  |TAMS 0x00000000e3300000, 0x00000000e3300000| Untracked 
|  52|0x00000000e3400000, 0x00000000e3500000, 0x00000000e3500000|100%| O|  |TAMS 0x00000000e3400000, 0x00000000e3500000| Untracked 
|  53|0x00000000e3500000, 0x00000000e3600000, 0x00000000e3600000|100%| O|  |TAMS 0x00000000e3500000, 0x00000000e3600000| Untracked 
|  54|0x00000000e3600000, 0x00000000e3700000, 0x00000000e3700000|100%| O|  |TAMS 0x00000000e3700000, 0x00000000e3700000| Untracked 
|  55|0x00000000e3700000, 0x00000000e3800000, 0x00000000e3800000|100%| O|  |TAMS 0x00000000e3800000, 0x00000000e3800000| Untracked 
|  56|0x00000000e3800000, 0x00000000e3900000, 0x00000000e3900000|100%| O|  |TAMS 0x00000000e3800000, 0x00000000e3800000| Untracked 
|  57|0x00000000e3900000, 0x00000000e3a00000, 0x00000000e3a00000|100%| O|  |TAMS 0x00000000e3a00000, 0x00000000e3a00000| Untracked 
|  58|0x00000000e3a00000, 0x00000000e3b00000, 0x00000000e3b00000|100%| O|  |TAMS 0x00000000e3b00000, 0x00000000e3b00000| Untracked 
|  59|0x00000000e3b00000, 0x00000000e3c00000, 0x00000000e3c00000|100%| O|  |TAMS 0x00000000e3c00000, 0x00000000e3c00000| Untracked 
|  60|0x00000000e3c00000, 0x00000000e3d00000, 0x00000000e3d00000|100%| O|  |TAMS 0x00000000e3c00000, 0x00000000e3d00000| Untracked 
|  61|0x00000000e3d00000, 0x00000000e3e00000, 0x00000000e3e00000|100%| O|  |TAMS 0x00000000e3d00000, 0x00000000e3d00000| Untracked 
|  62|0x00000000e3e00000, 0x00000000e3f00000, 0x00000000e3f00000|100%| O|  |TAMS 0x00000000e3e00000, 0x00000000e3e00000| Untracked 
|  63|0x00000000e3f00000, 0x00000000e4000000, 0x00000000e4000000|100%| O|  |TAMS 0x00000000e3f00000, 0x00000000e4000000| Untracked 
|  64|0x00000000e4000000, 0x00000000e4100000, 0x00000000e4100000|100%| O|  |TAMS 0x00000000e4000000, 0x00000000e4100000| Untracked 
|  65|0x00000000e4100000, 0x00000000e4200000, 0x00000000e4200000|100%| O|  |TAMS 0x00000000e4100000, 0x00000000e4100000| Untracked 
|  66|0x00000000e4200000, 0x00000000e4300000, 0x00000000e4300000|100%| O|  |TAMS 0x00000000e4200000, 0x00000000e4200000| Untracked 
|  67|0x00000000e4300000, 0x00000000e4400000, 0x00000000e4400000|100%| O|  |TAMS 0x00000000e4300000, 0x00000000e4400000| Untracked 
|  68|0x00000000e4400000, 0x00000000e4500000, 0x00000000e4500000|100%| O|  |TAMS 0x00000000e4500000, 0x00000000e4500000| Untracked 
|  69|0x00000000e4500000, 0x00000000e4600000, 0x00000000e4600000|100%| O|  |TAMS 0x00000000e4500000, 0x00000000e4600000| Untracked 
|  70|0x00000000e4600000, 0x00000000e4700000, 0x00000000e4700000|100%| O|  |TAMS 0x00000000e4700000, 0x00000000e4700000| Untracked 
|  71|0x00000000e4700000, 0x00000000e4800000, 0x00000000e4800000|100%| O|  |TAMS 0x00000000e4700000, 0x00000000e4700000| Untracked 
|  72|0x00000000e4800000, 0x00000000e4819400, 0x00000000e4900000|  9%| O|  |TAMS 0x00000000e4800000, 0x00000000e4800000| Untracked 
|  73|0x00000000e4900000, 0x00000000e4900000, 0x00000000e4a00000|  0%| F|  |TAMS 0x00000000e4900000, 0x00000000e4900000| Untracked 
|  74|0x00000000e4a00000, 0x00000000e4b00000, 0x00000000e4b00000|100%| O|  |TAMS 0x00000000e4b00000, 0x00000000e4b00000| Untracked 
|  75|0x00000000e4b00000, 0x00000000e4b00000, 0x00000000e4c00000|  0%| F|  |TAMS 0x00000000e4b00000, 0x00000000e4b00000| Untracked 
|  76|0x00000000e4c00000, 0x00000000e4c00000, 0x00000000e4d00000|  0%| F|  |TAMS 0x00000000e4c00000, 0x00000000e4c00000| Untracked 
|  77|0x00000000e4d00000, 0x00000000e4e00000, 0x00000000e4e00000|100%| O|  |TAMS 0x00000000e4e00000, 0x00000000e4e00000| Untracked 
|  78|0x00000000e4e00000, 0x00000000e4e00000, 0x00000000e4f00000|  0%| F|  |TAMS 0x00000000e4e00000, 0x00000000e4e00000| Untracked 
|  79|0x00000000e4f00000, 0x00000000e5000000, 0x00000000e5000000|100%| O|  |TAMS 0x00000000e4f00000, 0x00000000e5000000| Untracked 
|  80|0x00000000e5000000, 0x00000000e5000000, 0x00000000e5100000|  0%| F|  |TAMS 0x00000000e5000000, 0x00000000e5000000| Untracked 
|  81|0x00000000e5100000, 0x00000000e5100000, 0x00000000e5200000|  0%| F|  |TAMS 0x00000000e5100000, 0x00000000e5100000| Untracked 
|  82|0x00000000e5200000, 0x00000000e5300000, 0x00000000e5300000|100%| O|  |TAMS 0x00000000e5300000, 0x00000000e5300000| Untracked 
|  83|0x00000000e5300000, 0x00000000e5300000, 0x00000000e5400000|  0%| F|  |TAMS 0x00000000e5300000, 0x00000000e5300000| Untracked 
|  84|0x00000000e5400000, 0x00000000e5400000, 0x00000000e5500000|  0%| F|  |TAMS 0x00000000e5400000, 0x00000000e5400000| Untracked 
|  85|0x00000000e5500000, 0x00000000e5600000, 0x00000000e5600000|100%| O|  |TAMS 0x00000000e5600000, 0x00000000e5600000| Untracked 
|  86|0x00000000e5600000, 0x00000000e5600000, 0x00000000e5700000|  0%| F|  |TAMS 0x00000000e5600000, 0x00000000e5600000| Untracked 
|  87|0x00000000e5700000, 0x00000000e5700000, 0x00000000e5800000|  0%| F|  |TAMS 0x00000000e5700000, 0x00000000e5700000| Untracked 
|  88|0x00000000e5800000, 0x00000000e5900000, 0x00000000e5900000|100%| O|  |TAMS 0x00000000e5800000, 0x00000000e5900000| Untracked 
|  89|0x00000000e5900000, 0x00000000e5900000, 0x00000000e5a00000|  0%| F|  |TAMS 0x00000000e5900000, 0x00000000e5900000| Untracked 
|  90|0x00000000e5a00000, 0x00000000e5b00000, 0x00000000e5b00000|100%| O|  |TAMS 0x00000000e5b00000, 0x00000000e5b00000| Untracked 
|  91|0x00000000e5b00000, 0x00000000e5c00000, 0x00000000e5c00000|100%| O|  |TAMS 0x00000000e5c00000, 0x00000000e5c00000| Untracked 
|  92|0x00000000e5c00000, 0x00000000e5d00000, 0x00000000e5d00000|100%| O|  |TAMS 0x00000000e5d00000, 0x00000000e5d00000| Untracked 
|  93|0x00000000e5d00000, 0x00000000e5e00000, 0x00000000e5e00000|100%| O|  |TAMS 0x00000000e5e00000, 0x00000000e5e00000| Untracked 
|  94|0x00000000e5e00000, 0x00000000e5f00000, 0x00000000e5f00000|100%| O|  |TAMS 0x00000000e5f00000, 0x00000000e5f00000| Untracked 
|  95|0x00000000e5f00000, 0x00000000e6000000, 0x00000000e6000000|100%| O|  |TAMS 0x00000000e6000000, 0x00000000e6000000| Untracked 
|  96|0x00000000e6000000, 0x00000000e6100000, 0x00000000e6100000|100%| O|  |TAMS 0x00000000e6100000, 0x00000000e6100000| Untracked 
|  97|0x00000000e6100000, 0x00000000e6200000, 0x00000000e6200000|100%| O|  |TAMS 0x00000000e6200000, 0x00000000e6200000| Untracked 
|  98|0x00000000e6200000, 0x00000000e6300000, 0x00000000e6300000|100%| O|  |TAMS 0x00000000e6300000, 0x00000000e6300000| Untracked 
|  99|0x00000000e6300000, 0x00000000e6400000, 0x00000000e6400000|100%| O|  |TAMS 0x00000000e6400000, 0x00000000e6400000| Untracked 
| 100|0x00000000e6400000, 0x00000000e6400000, 0x00000000e6500000|  0%| F|  |TAMS 0x00000000e6400000, 0x00000000e6400000| Untracked 
| 101|0x00000000e6500000, 0x00000000e6600000, 0x00000000e6600000|100%| O|  |TAMS 0x00000000e6500000, 0x00000000e6600000| Untracked 
| 102|0x00000000e6600000, 0x00000000e6700000, 0x00000000e6700000|100%|HS|  |TAMS 0x00000000e6700000, 0x00000000e6700000| Complete 
| 103|0x00000000e6700000, 0x00000000e6800000, 0x00000000e6800000|100%|HC|  |TAMS 0x00000000e6800000, 0x00000000e6800000| Complete 
| 104|0x00000000e6800000, 0x00000000e6900000, 0x00000000e6900000|100%|HC|  |TAMS 0x00000000e6900000, 0x00000000e6900000| Complete 
| 105|0x00000000e6900000, 0x00000000e6a00000, 0x00000000e6a00000|100%| O|  |TAMS 0x00000000e6a00000, 0x00000000e6a00000| Untracked 
| 106|0x00000000e6a00000, 0x00000000e6b00000, 0x00000000e6b00000|100%| O|  |TAMS 0x00000000e6a00000, 0x00000000e6b00000| Untracked 
| 107|0x00000000e6b00000, 0x00000000e6b00000, 0x00000000e6c00000|  0%| F|  |TAMS 0x00000000e6b00000, 0x00000000e6b00000| Untracked 
| 108|0x00000000e6c00000, 0x00000000e6d00000, 0x00000000e6d00000|100%|HS|  |TAMS 0x00000000e6d00000, 0x00000000e6d00000| Complete 
| 109|0x00000000e6d00000, 0x00000000e6e00000, 0x00000000e6e00000|100%|HC|  |TAMS 0x00000000e6e00000, 0x00000000e6e00000| Complete 
| 110|0x00000000e6e00000, 0x00000000e6f00000, 0x00000000e6f00000|100%|HC|  |TAMS 0x00000000e6f00000, 0x00000000e6f00000| Complete 
| 111|0x00000000e6f00000, 0x00000000e7000000, 0x00000000e7000000|100%|HC|  |TAMS 0x00000000e7000000, 0x00000000e7000000| Complete 
| 112|0x00000000e7000000, 0x00000000e7100000, 0x00000000e7100000|100%|HS|  |TAMS 0x00000000e7100000, 0x00000000e7100000| Complete 
| 113|0x00000000e7100000, 0x00000000e7200000, 0x00000000e7200000|100%|HC|  |TAMS 0x00000000e7200000, 0x00000000e7200000| Complete 
| 114|0x00000000e7200000, 0x00000000e7300000, 0x00000000e7300000|100%|HC|  |TAMS 0x00000000e7300000, 0x00000000e7300000| Complete 
| 115|0x00000000e7300000, 0x00000000e7400000, 0x00000000e7400000|100%|HC|  |TAMS 0x00000000e7400000, 0x00000000e7400000| Complete 
| 116|0x00000000e7400000, 0x00000000e7500000, 0x00000000e7500000|100%| O|  |TAMS 0x00000000e7500000, 0x00000000e7500000| Untracked 
| 117|0x00000000e7500000, 0x00000000e7600000, 0x00000000e7600000|100%| O|  |TAMS 0x00000000e7500000, 0x00000000e7600000| Untracked 
| 118|0x00000000e7600000, 0x00000000e7700000, 0x00000000e7700000|100%|HS|  |TAMS 0x00000000e7700000, 0x00000000e7700000| Complete 
| 119|0x00000000e7700000, 0x00000000e7800000, 0x00000000e7800000|100%|HC|  |TAMS 0x00000000e7800000, 0x00000000e7800000| Complete 
| 120|0x00000000e7800000, 0x00000000e7900000, 0x00000000e7900000|100%|HC|  |TAMS 0x00000000e7900000, 0x00000000e7900000| Complete 
| 121|0x00000000e7900000, 0x00000000e7a00000, 0x00000000e7a00000|100%|HC|  |TAMS 0x00000000e7a00000, 0x00000000e7a00000| Complete 
| 122|0x00000000e7a00000, 0x00000000e7b00000, 0x00000000e7b00000|100%| O|  |TAMS 0x00000000e7b00000, 0x00000000e7b00000| Untracked 
| 123|0x00000000e7b00000, 0x00000000e7c00000, 0x00000000e7c00000|100%| O|  |TAMS 0x00000000e7c00000, 0x00000000e7c00000| Untracked 
| 124|0x00000000e7c00000, 0x00000000e7d00000, 0x00000000e7d00000|100%| O|  |TAMS 0x00000000e7d00000, 0x00000000e7d00000| Untracked 
| 125|0x00000000e7d00000, 0x00000000e7e00000, 0x00000000e7e00000|100%| O|  |TAMS 0x00000000e7e00000, 0x00000000e7e00000| Untracked 
| 126|0x00000000e7e00000, 0x00000000e7f00000, 0x00000000e7f00000|100%| O|  |TAMS 0x00000000e7e00000, 0x00000000e7f00000| Untracked 
| 127|0x00000000e7f00000, 0x00000000e8000000, 0x00000000e8000000|100%| O|  |TAMS 0x00000000e8000000, 0x00000000e8000000| Untracked 
| 128|0x00000000e8000000, 0x00000000e8100000, 0x00000000e8100000|100%| O|  |TAMS 0x00000000e8000000, 0x00000000e8100000| Untracked 
| 129|0x00000000e8100000, 0x00000000e8200000, 0x00000000e8200000|100%| O|  |TAMS 0x00000000e8100000, 0x00000000e8200000| Untracked 
| 130|0x00000000e8200000, 0x00000000e8300000, 0x00000000e8300000|100%| O|  |TAMS 0x00000000e8200000, 0x00000000e8300000| Untracked 
| 131|0x00000000e8300000, 0x00000000e8400000, 0x00000000e8400000|100%| O|  |TAMS 0x00000000e8400000, 0x00000000e8400000| Untracked 
| 132|0x00000000e8400000, 0x00000000e8500000, 0x00000000e8500000|100%| O|  |TAMS 0x00000000e8500000, 0x00000000e8500000| Untracked 
| 133|0x00000000e8500000, 0x00000000e8600000, 0x00000000e8600000|100%| O|  |TAMS 0x00000000e8500000, 0x00000000e8600000| Untracked 
| 134|0x00000000e8600000, 0x00000000e8700000, 0x00000000e8700000|100%| O|  |TAMS 0x00000000e8700000, 0x00000000e8700000| Untracked 
| 135|0x00000000e8700000, 0x00000000e8800000, 0x00000000e8800000|100%| O|  |TAMS 0x00000000e8800000, 0x00000000e8800000| Untracked 
| 136|0x00000000e8800000, 0x00000000e8900000, 0x00000000e8900000|100%| O|  |TAMS 0x00000000e8900000, 0x00000000e8900000| Untracked 
| 137|0x00000000e8900000, 0x00000000e8900000, 0x00000000e8a00000|  0%| F|  |TAMS 0x00000000e8900000, 0x00000000e8900000| Untracked 
| 138|0x00000000e8a00000, 0x00000000e8b00000, 0x00000000e8b00000|100%| O|  |TAMS 0x00000000e8b00000, 0x00000000e8b00000| Untracked 
| 139|0x00000000e8b00000, 0x00000000e8c00000, 0x00000000e8c00000|100%| O|  |TAMS 0x00000000e8b00000, 0x00000000e8c00000| Untracked 
| 140|0x00000000e8c00000, 0x00000000e8d00000, 0x00000000e8d00000|100%| O|  |TAMS 0x00000000e8c00000, 0x00000000e8d00000| Untracked 
| 141|0x00000000e8d00000, 0x00000000e8e00000, 0x00000000e8e00000|100%| O|  |TAMS 0x00000000e8d00000, 0x00000000e8e00000| Untracked 
| 142|0x00000000e8e00000, 0x00000000e8f00000, 0x00000000e8f00000|100%| O|  |TAMS 0x00000000e8e00000, 0x00000000e8f00000| Untracked 
| 143|0x00000000e8f00000, 0x00000000e9000000, 0x00000000e9000000|100%| O|  |TAMS 0x00000000e8f00000, 0x00000000e8fe0400| Untracked 
| 144|0x00000000e9000000, 0x00000000e9000000, 0x00000000e9100000|  0%| F|  |TAMS 0x00000000e9000000, 0x00000000e9000000| Untracked 
| 145|0x00000000e9100000, 0x00000000e9100000, 0x00000000e9200000|  0%| F|  |TAMS 0x00000000e9100000, 0x00000000e9100000| Untracked 
| 146|0x00000000e9200000, 0x00000000e9200000, 0x00000000e9300000|  0%| F|  |TAMS 0x00000000e9200000, 0x00000000e9200000| Untracked 
| 147|0x00000000e9300000, 0x00000000e9300000, 0x00000000e9400000|  0%| F|  |TAMS 0x00000000e9300000, 0x00000000e9300000| Untracked 
| 148|0x00000000e9400000, 0x00000000e9400000, 0x00000000e9500000|  0%| F|  |TAMS 0x00000000e9400000, 0x00000000e9400000| Untracked 
| 149|0x00000000e9500000, 0x00000000e9500000, 0x00000000e9600000|  0%| F|  |TAMS 0x00000000e9500000, 0x00000000e9500000| Untracked 
| 150|0x00000000e9600000, 0x00000000e9600000, 0x00000000e9700000|  0%| F|  |TAMS 0x00000000e9600000, 0x00000000e9600000| Untracked 
| 151|0x00000000e9700000, 0x00000000e9700000, 0x00000000e9800000|  0%| F|  |TAMS 0x00000000e9700000, 0x00000000e9700000| Untracked 
| 152|0x00000000e9800000, 0x00000000e9800000, 0x00000000e9900000|  0%| F|  |TAMS 0x00000000e9800000, 0x00000000e9800000| Untracked 
| 153|0x00000000e9900000, 0x00000000e9900000, 0x00000000e9a00000|  0%| F|  |TAMS 0x00000000e9900000, 0x00000000e9900000| Untracked 
| 154|0x00000000e9a00000, 0x00000000e9a00000, 0x00000000e9b00000|  0%| F|  |TAMS 0x00000000e9a00000, 0x00000000e9a00000| Untracked 
| 155|0x00000000e9b00000, 0x00000000e9b00000, 0x00000000e9c00000|  0%| F|  |TAMS 0x00000000e9b00000, 0x00000000e9b00000| Untracked 
| 156|0x00000000e9c00000, 0x00000000e9c00000, 0x00000000e9d00000|  0%| F|  |TAMS 0x00000000e9c00000, 0x00000000e9c00000| Untracked 
| 157|0x00000000e9d00000, 0x00000000e9d00000, 0x00000000e9e00000|  0%| F|  |TAMS 0x00000000e9d00000, 0x00000000e9d00000| Untracked 
| 158|0x00000000e9e00000, 0x00000000e9e00000, 0x00000000e9f00000|  0%| F|  |TAMS 0x00000000e9e00000, 0x00000000e9e00000| Untracked 
| 159|0x00000000e9f00000, 0x00000000e9f00000, 0x00000000ea000000|  0%| F|  |TAMS 0x00000000e9f00000, 0x00000000e9f00000| Untracked 
| 160|0x00000000ea000000, 0x00000000ea000000, 0x00000000ea100000|  0%| F|  |TAMS 0x00000000ea000000, 0x00000000ea000000| Untracked 
| 161|0x00000000ea100000, 0x00000000ea100000, 0x00000000ea200000|  0%| F|  |TAMS 0x00000000ea100000, 0x00000000ea100000| Untracked 
| 162|0x00000000ea200000, 0x00000000ea200000, 0x00000000ea300000|  0%| F|  |TAMS 0x00000000ea200000, 0x00000000ea200000| Untracked 
| 163|0x00000000ea300000, 0x00000000ea300000, 0x00000000ea400000|  0%| F|  |TAMS 0x00000000ea300000, 0x00000000ea300000| Untracked 
| 164|0x00000000ea400000, 0x00000000ea400000, 0x00000000ea500000|  0%| F|  |TAMS 0x00000000ea400000, 0x00000000ea400000| Untracked 
| 165|0x00000000ea500000, 0x00000000ea500000, 0x00000000ea600000|  0%| F|  |TAMS 0x00000000ea500000, 0x00000000ea500000| Untracked 
| 166|0x00000000ea600000, 0x00000000ea600000, 0x00000000ea700000|  0%| F|  |TAMS 0x00000000ea600000, 0x00000000ea600000| Untracked 
| 167|0x00000000ea700000, 0x00000000ea778b38, 0x00000000ea800000| 47%| S|CS|TAMS 0x00000000ea700000, 0x00000000ea700000| Complete 
| 168|0x00000000ea800000, 0x00000000ea900000, 0x00000000ea900000|100%| S|CS|TAMS 0x00000000ea800000, 0x00000000ea800000| Complete 
| 169|0x00000000ea900000, 0x00000000eaa00000, 0x00000000eaa00000|100%| S|CS|TAMS 0x00000000ea900000, 0x00000000ea900000| Complete 
| 170|0x00000000eaa00000, 0x00000000eab00000, 0x00000000eab00000|100%| S|CS|TAMS 0x00000000eaa00000, 0x00000000eaa00000| Complete 
| 171|0x00000000eab00000, 0x00000000eac00000, 0x00000000eac00000|100%| S|CS|TAMS 0x00000000eab00000, 0x00000000eab00000| Complete 
| 172|0x00000000eac00000, 0x00000000ead00000, 0x00000000ead00000|100%| S|CS|TAMS 0x00000000eac00000, 0x00000000eac00000| Complete 
| 173|0x00000000ead00000, 0x00000000ead00000, 0x00000000eae00000|  0%| F|  |TAMS 0x00000000ead00000, 0x00000000ead00000| Untracked 
| 174|0x00000000eae00000, 0x00000000eae00000, 0x00000000eaf00000|  0%| F|  |TAMS 0x00000000eae00000, 0x00000000eae00000| Untracked 
| 175|0x00000000eaf00000, 0x00000000eaf00000, 0x00000000eb000000|  0%| F|  |TAMS 0x00000000eaf00000, 0x00000000eaf00000| Untracked 
| 176|0x00000000eb000000, 0x00000000eb000000, 0x00000000eb100000|  0%| F|  |TAMS 0x00000000eb000000, 0x00000000eb000000| Untracked 
| 177|0x00000000eb100000, 0x00000000eb100000, 0x00000000eb200000|  0%| F|  |TAMS 0x00000000eb100000, 0x00000000eb100000| Untracked 
| 178|0x00000000eb200000, 0x00000000eb200000, 0x00000000eb300000|  0%| F|  |TAMS 0x00000000eb200000, 0x00000000eb200000| Untracked 
| 179|0x00000000eb300000, 0x00000000eb300000, 0x00000000eb400000|  0%| F|  |TAMS 0x00000000eb300000, 0x00000000eb300000| Untracked 
| 180|0x00000000eb400000, 0x00000000eb400000, 0x00000000eb500000|  0%| F|  |TAMS 0x00000000eb400000, 0x00000000eb400000| Untracked 
| 181|0x00000000eb500000, 0x00000000eb500000, 0x00000000eb600000|  0%| F|  |TAMS 0x00000000eb500000, 0x00000000eb500000| Untracked 
| 182|0x00000000eb600000, 0x00000000eb600000, 0x00000000eb700000|  0%| F|  |TAMS 0x00000000eb600000, 0x00000000eb600000| Untracked 
| 183|0x00000000eb700000, 0x00000000eb700000, 0x00000000eb800000|  0%| F|  |TAMS 0x00000000eb700000, 0x00000000eb700000| Untracked 
| 184|0x00000000eb800000, 0x00000000eb800000, 0x00000000eb900000|  0%| F|  |TAMS 0x00000000eb800000, 0x00000000eb800000| Untracked 
| 185|0x00000000eb900000, 0x00000000eb900000, 0x00000000eba00000|  0%| F|  |TAMS 0x00000000eb900000, 0x00000000eb900000| Untracked 
| 186|0x00000000eba00000, 0x00000000eba00000, 0x00000000ebb00000|  0%| F|  |TAMS 0x00000000eba00000, 0x00000000eba00000| Untracked 
| 187|0x00000000ebb00000, 0x00000000ebb00000, 0x00000000ebc00000|  0%| F|  |TAMS 0x00000000ebb00000, 0x00000000ebb00000| Untracked 
| 188|0x00000000ebc00000, 0x00000000ebc00000, 0x00000000ebd00000|  0%| F|  |TAMS 0x00000000ebc00000, 0x00000000ebc00000| Untracked 
| 189|0x00000000ebd00000, 0x00000000ebd00000, 0x00000000ebe00000|  0%| F|  |TAMS 0x00000000ebd00000, 0x00000000ebd00000| Untracked 
| 190|0x00000000ebe00000, 0x00000000ebe00000, 0x00000000ebf00000|  0%| F|  |TAMS 0x00000000ebe00000, 0x00000000ebe00000| Untracked 
| 191|0x00000000ebf00000, 0x00000000ebf00000, 0x00000000ec000000|  0%| F|  |TAMS 0x00000000ebf00000, 0x00000000ebf00000| Untracked 
| 192|0x00000000ec000000, 0x00000000ec000000, 0x00000000ec100000|  0%| F|  |TAMS 0x00000000ec000000, 0x00000000ec000000| Untracked 
| 193|0x00000000ec100000, 0x00000000ec100000, 0x00000000ec200000|  0%| F|  |TAMS 0x00000000ec100000, 0x00000000ec100000| Untracked 
| 194|0x00000000ec200000, 0x00000000ec200000, 0x00000000ec300000|  0%| F|  |TAMS 0x00000000ec200000, 0x00000000ec200000| Untracked 
| 195|0x00000000ec300000, 0x00000000ec300000, 0x00000000ec400000|  0%| F|  |TAMS 0x00000000ec300000, 0x00000000ec300000| Untracked 
| 196|0x00000000ec400000, 0x00000000ec400000, 0x00000000ec500000|  0%| F|  |TAMS 0x00000000ec400000, 0x00000000ec400000| Untracked 
| 197|0x00000000ec500000, 0x00000000ec500000, 0x00000000ec600000|  0%| F|  |TAMS 0x00000000ec500000, 0x00000000ec500000| Untracked 
| 198|0x00000000ec600000, 0x00000000ec600000, 0x00000000ec700000|  0%| F|  |TAMS 0x00000000ec600000, 0x00000000ec600000| Untracked 
| 199|0x00000000ec700000, 0x00000000ec711590, 0x00000000ec800000|  6%| E|  |TAMS 0x00000000ec700000, 0x00000000ec700000| Complete 
| 200|0x00000000ec800000, 0x00000000ec900000, 0x00000000ec900000|100%| E|CS|TAMS 0x00000000ec800000, 0x00000000ec800000| Complete 
| 201|0x00000000ec900000, 0x00000000eca00000, 0x00000000eca00000|100%| E|CS|TAMS 0x00000000ec900000, 0x00000000ec900000| Complete 
| 202|0x00000000eca00000, 0x00000000ecb00000, 0x00000000ecb00000|100%| E|CS|TAMS 0x00000000eca00000, 0x00000000eca00000| Complete 
| 203|0x00000000ecb00000, 0x00000000ecc00000, 0x00000000ecc00000|100%| E|CS|TAMS 0x00000000ecb00000, 0x00000000ecb00000| Complete 
| 204|0x00000000ecc00000, 0x00000000ecd00000, 0x00000000ecd00000|100%| E|CS|TAMS 0x00000000ecc00000, 0x00000000ecc00000| Complete 
| 205|0x00000000ecd00000, 0x00000000ece00000, 0x00000000ece00000|100%| E|CS|TAMS 0x00000000ecd00000, 0x00000000ecd00000| Complete 
| 206|0x00000000ece00000, 0x00000000ecf00000, 0x00000000ecf00000|100%| E|CS|TAMS 0x00000000ece00000, 0x00000000ece00000| Complete 
| 207|0x00000000ecf00000, 0x00000000ed000000, 0x00000000ed000000|100%| E|CS|TAMS 0x00000000ecf00000, 0x00000000ecf00000| Complete 
| 208|0x00000000ed000000, 0x00000000ed100000, 0x00000000ed100000|100%| E|CS|TAMS 0x00000000ed000000, 0x00000000ed000000| Complete 
| 209|0x00000000ed100000, 0x00000000ed200000, 0x00000000ed200000|100%| E|CS|TAMS 0x00000000ed100000, 0x00000000ed100000| Complete 
| 210|0x00000000ed200000, 0x00000000ed300000, 0x00000000ed300000|100%| E|CS|TAMS 0x00000000ed200000, 0x00000000ed200000| Complete 
| 211|0x00000000ed300000, 0x00000000ed400000, 0x00000000ed400000|100%| E|CS|TAMS 0x00000000ed300000, 0x00000000ed300000| Complete 
| 212|0x00000000ed400000, 0x00000000ed500000, 0x00000000ed500000|100%| E|CS|TAMS 0x00000000ed400000, 0x00000000ed400000| Complete 
| 213|0x00000000ed500000, 0x00000000ed600000, 0x00000000ed600000|100%| E|CS|TAMS 0x00000000ed500000, 0x00000000ed500000| Complete 
| 214|0x00000000ed600000, 0x00000000ed700000, 0x00000000ed700000|100%| E|CS|TAMS 0x00000000ed600000, 0x00000000ed600000| Complete 
| 215|0x00000000ed700000, 0x00000000ed800000, 0x00000000ed800000|100%| E|CS|TAMS 0x00000000ed700000, 0x00000000ed700000| Complete 
| 216|0x00000000ed800000, 0x00000000ed900000, 0x00000000ed900000|100%| E|CS|TAMS 0x00000000ed800000, 0x00000000ed800000| Complete 
| 217|0x00000000ed900000, 0x00000000eda00000, 0x00000000eda00000|100%| E|CS|TAMS 0x00000000ed900000, 0x00000000ed900000| Complete 
| 218|0x00000000eda00000, 0x00000000edb00000, 0x00000000edb00000|100%| E|CS|TAMS 0x00000000eda00000, 0x00000000eda00000| Complete 
| 219|0x00000000edb00000, 0x00000000edc00000, 0x00000000edc00000|100%| E|CS|TAMS 0x00000000edb00000, 0x00000000edb00000| Complete 
| 220|0x00000000edc00000, 0x00000000edd00000, 0x00000000edd00000|100%| E|CS|TAMS 0x00000000edc00000, 0x00000000edc00000| Complete 
| 221|0x00000000edd00000, 0x00000000ede00000, 0x00000000ede00000|100%| E|CS|TAMS 0x00000000edd00000, 0x00000000edd00000| Complete 
| 222|0x00000000ede00000, 0x00000000edf00000, 0x00000000edf00000|100%| E|CS|TAMS 0x00000000ede00000, 0x00000000ede00000| Complete 
| 223|0x00000000edf00000, 0x00000000ee000000, 0x00000000ee000000|100%| E|CS|TAMS 0x00000000edf00000, 0x00000000edf00000| Complete 
| 224|0x00000000ee000000, 0x00000000ee100000, 0x00000000ee100000|100%| E|CS|TAMS 0x00000000ee000000, 0x00000000ee000000| Complete 
| 225|0x00000000ee100000, 0x00000000ee200000, 0x00000000ee200000|100%| E|CS|TAMS 0x00000000ee100000, 0x00000000ee100000| Complete 
| 226|0x00000000ee200000, 0x00000000ee300000, 0x00000000ee300000|100%| E|CS|TAMS 0x00000000ee200000, 0x00000000ee200000| Complete 
| 227|0x00000000ee300000, 0x00000000ee400000, 0x00000000ee400000|100%| E|CS|TAMS 0x00000000ee300000, 0x00000000ee300000| Complete 
| 228|0x00000000ee400000, 0x00000000ee500000, 0x00000000ee500000|100%| E|CS|TAMS 0x00000000ee400000, 0x00000000ee400000| Complete 
| 229|0x00000000ee500000, 0x00000000ee600000, 0x00000000ee600000|100%| E|CS|TAMS 0x00000000ee500000, 0x00000000ee500000| Complete 
| 230|0x00000000ee600000, 0x00000000ee700000, 0x00000000ee700000|100%| E|CS|TAMS 0x00000000ee600000, 0x00000000ee600000| Complete 
| 231|0x00000000ee700000, 0x00000000ee800000, 0x00000000ee800000|100%| E|CS|TAMS 0x00000000ee700000, 0x00000000ee700000| Complete 
| 232|0x00000000ee800000, 0x00000000ee900000, 0x00000000ee900000|100%| E|CS|TAMS 0x00000000ee800000, 0x00000000ee800000| Complete 
| 233|0x00000000ee900000, 0x00000000eea00000, 0x00000000eea00000|100%| E|CS|TAMS 0x00000000ee900000, 0x00000000ee900000| Complete 
| 234|0x00000000eea00000, 0x00000000eeb00000, 0x00000000eeb00000|100%| E|CS|TAMS 0x00000000eea00000, 0x00000000eea00000| Complete 
| 235|0x00000000eeb00000, 0x00000000eec00000, 0x00000000eec00000|100%| E|CS|TAMS 0x00000000eeb00000, 0x00000000eeb00000| Complete 
| 236|0x00000000eec00000, 0x00000000eed00000, 0x00000000eed00000|100%| E|CS|TAMS 0x00000000eec00000, 0x00000000eec00000| Complete 
| 237|0x00000000eed00000, 0x00000000eee00000, 0x00000000eee00000|100%| E|CS|TAMS 0x00000000eed00000, 0x00000000eed00000| Complete 
| 238|0x00000000eee00000, 0x00000000eef00000, 0x00000000eef00000|100%| E|CS|TAMS 0x00000000eee00000, 0x00000000eee00000| Complete 
| 239|0x00000000eef00000, 0x00000000ef000000, 0x00000000ef000000|100%| E|CS|TAMS 0x00000000eef00000, 0x00000000eef00000| Complete 
| 240|0x00000000ef000000, 0x00000000ef100000, 0x00000000ef100000|100%| E|CS|TAMS 0x00000000ef000000, 0x00000000ef000000| Complete 
| 241|0x00000000ef100000, 0x00000000ef200000, 0x00000000ef200000|100%| E|CS|TAMS 0x00000000ef100000, 0x00000000ef100000| Complete 
| 242|0x00000000ef200000, 0x00000000ef300000, 0x00000000ef300000|100%| E|CS|TAMS 0x00000000ef200000, 0x00000000ef200000| Complete 
| 243|0x00000000ef300000, 0x00000000ef400000, 0x00000000ef400000|100%| E|CS|TAMS 0x00000000ef300000, 0x00000000ef300000| Complete 
| 244|0x00000000ef400000, 0x00000000ef500000, 0x00000000ef500000|100%| E|CS|TAMS 0x00000000ef400000, 0x00000000ef400000| Complete 
| 245|0x00000000ef500000, 0x00000000ef600000, 0x00000000ef600000|100%| E|CS|TAMS 0x00000000ef500000, 0x00000000ef500000| Complete 
| 246|0x00000000ef600000, 0x00000000ef700000, 0x00000000ef700000|100%| E|CS|TAMS 0x00000000ef600000, 0x00000000ef600000| Complete 
| 247|0x00000000ef700000, 0x00000000ef800000, 0x00000000ef800000|100%| E|CS|TAMS 0x00000000ef700000, 0x00000000ef700000| Complete 
| 248|0x00000000ef800000, 0x00000000ef900000, 0x00000000ef900000|100%| E|CS|TAMS 0x00000000ef800000, 0x00000000ef800000| Complete 
| 249|0x00000000ef900000, 0x00000000efa00000, 0x00000000efa00000|100%| E|CS|TAMS 0x00000000ef900000, 0x00000000ef900000| Complete 
| 250|0x00000000efa00000, 0x00000000efb00000, 0x00000000efb00000|100%| E|CS|TAMS 0x00000000efa00000, 0x00000000efa00000| Complete 
| 251|0x00000000efb00000, 0x00000000efc00000, 0x00000000efc00000|100%| E|CS|TAMS 0x00000000efb00000, 0x00000000efb00000| Complete 
| 252|0x00000000efc00000, 0x00000000efd00000, 0x00000000efd00000|100%| E|CS|TAMS 0x00000000efc00000, 0x00000000efc00000| Complete 
| 253|0x00000000efd00000, 0x00000000efe00000, 0x00000000efe00000|100%| E|CS|TAMS 0x00000000efd00000, 0x00000000efd00000| Complete 
| 254|0x00000000efe00000, 0x00000000eff00000, 0x00000000eff00000|100%| E|CS|TAMS 0x00000000efe00000, 0x00000000efe00000| Complete 
| 255|0x00000000eff00000, 0x00000000f0000000, 0x00000000f0000000|100%| E|CS|TAMS 0x00000000eff00000, 0x00000000eff00000| Complete 

Card table byte_map: [0x000002b36aaf0000,0x000002b36abf0000] _byte_map_base: 0x000002b36a3f0000

Marking Bits (Prev, Next): (CMBitMap*) 0x000002b353369138, (CMBitMap*) 0x000002b3533690f8
 Prev Bits: [0x000002b36b4f0000, 0x000002b36bcf0000)
 Next Bits: [0x000002b36acf0000, 0x000002b36b4f0000)

Polling page: 0x000002b3512f0000

Metaspace:

Usage:
  Non-class:     70.43 MB capacity,    68.02 MB ( 97%) used,     2.10 MB (  3%) free+waste,   314.31 KB ( <1%) overhead. 
      Class:     11.01 MB capacity,     9.86 MB ( 90%) used,     1.01 MB (  9%) free+waste,   144.69 KB (  1%) overhead. 
       Both:     81.44 MB capacity,    77.87 MB ( 96%) used,     3.12 MB (  4%) free+waste,   459.00 KB ( <1%) overhead. 

Virtual space:
  Non-class space:       72.00 MB reserved,      71.08 MB ( 99%) committed 
      Class space:      248.00 MB reserved,      11.13 MB (  4%) committed 
             Both:      320.00 MB reserved,      82.20 MB ( 26%) committed 

Chunk freelists:
   Non-Class:  538.00 KB
       Class:  0 bytes
        Both:  538.00 KB

MaxMetaspaceSize: 256.00 MB
CompressedClassSpaceSize: 248.00 MB

CodeHeap 'non-profiled nmethods': size=120000Kb used=16270Kb max_used=16270Kb free=103729Kb
 bounds [0x000002b3635c0000, 0x000002b3645b0000, 0x000002b36aaf0000]
CodeHeap 'profiled nmethods': size=120000Kb used=32072Kb max_used=32849Kb free=87927Kb
 bounds [0x000002b35c090000, 0x000002b35e0d0000, 0x000002b3635c0000]
CodeHeap 'non-nmethods': size=5760Kb used=2386Kb max_used=2485Kb free=3373Kb
 bounds [0x000002b35baf0000, 0x000002b35bd70000, 0x000002b35c090000]
 total_blobs=25582 nmethods=14815 adapters=782
 compilation: enabled
              stopped_count=0, restarted_count=0
 full_count=0

Compilation events (20 events):
Event: 3139.064 Thread 0x000002b37096c000 18098       4       java.util.regex.Pattern$CharProperty::study (29 bytes)
Event: 3139.064 Thread 0x000002b37096c000 nmethod 18098 0x000002b36457fa90 code [0x000002b36457fc20, 0x000002b36457fcf8]
Event: 3139.073 Thread 0x000002b37096c000 18099       4       io.spring.gradle.dependencymanagement.org.apache.maven.model.validation.DefaultModelValidator::validateRepository (142 bytes)
Event: 3139.083 Thread 0x000002b36e2e9800 18100       4       io.spring.gradle.dependencymanagement.org.apache.maven.model.io.xpp3.MavenXpp3Reader::parseContributor (461 bytes)
Event: 3139.088 Thread 0x000002b37096c000 nmethod 18099 0x000002b36457fd90 code [0x000002b36457ffe0, 0x000002b364580d58]
Event: 3139.115 Thread 0x000002b37096c000 18101       4       io.spring.gradle.dependencymanagement.org.apache.maven.model.merge.ModelMerger::mergeReportPlugin (46 bytes)
Event: 3139.126 Thread 0x000002b36ec78800 18104       3       io.spring.gradle.dependencymanagement.org.apache.maven.model.io.xpp3.MavenXpp3Reader::parseCiManagement (270 bytes)
Event: 3139.128 Thread 0x000002b36ec78800 nmethod 18104 0x000002b35cea8c90 code [0x000002b35cea90c0, 0x000002b35ceaacd8]
Event: 3139.191 Thread 0x000002b36e2e9800 nmethod 18100 0x000002b364581210 code [0x000002b3645819c0, 0x000002b364585fa0]
Event: 3139.192 Thread 0x000002b36e2e9800 18103       4       org.gradle.api.internal.DefaultDomainObjectCollection::add (25 bytes)
Event: 3139.192 Thread 0x000002b36e2e9800 nmethod 18103 0x000002b364587f10 code [0x000002b3645880c0, 0x000002b364588208]
Event: 3139.192 Thread 0x000002b36e2e9800 18102       4       io.spring.gradle.dependencymanagement.org.apache.maven.model.merge.ModelMerger::mergeReportPlugin_GroupId (41 bytes)
Event: 3139.194 Thread 0x000002b36e2e9800 nmethod 18102 0x000002b364588390 code [0x000002b364588540, 0x000002b364588778]
Event: 3139.236 Thread 0x000002b36e2e9800 18105       4       org.gradle.api.internal.artifacts.ivyservice.resolveengine.result.StreamingResolutionResultBuilder::visitSelector (17 bytes)
Event: 3139.238 Thread 0x000002b36e2e9800 nmethod 18105 0x000002b364588910 code [0x000002b364588ac0, 0x000002b364588c48]
Event: 3139.238 Thread 0x000002b36e2e9800 18106       4       org.gradle.api.internal.artifacts.ivyservice.resolveengine.result.StreamingResolutionResultBuilder$$Lambda$385/0x00000008010ecc40::write (13 bytes)
Event: 3139.241 Thread 0x000002b36e2e9800 nmethod 18106 0x000002b364588e10 code [0x000002b364589080, 0x000002b3645894b0]
Event: 3139.241 Thread 0x000002b36e2e9800 18107       4       org.gradle.api.internal.artifacts.ivyservice.resolveengine.result.StreamingResolutionResultBuilder::lambda$visitSelector$2 (37 bytes)
Event: 3139.256 Thread 0x000002b36e2e9800 nmethod 18107 0x000002b364589890 code [0x000002b364589ae0, 0x000002b364589eb0]
Event: 3139.274 Thread 0x000002b37096c000 nmethod 18101 0x000002b36458a290 code [0x000002b36458a980, 0x000002b36458fb88]

GC Heap History (20 events):
Event: 1802.552 GC heap before
{Heap before GC invocations=63 (full 0):
 garbage-first heap   total 262144K, used 214195K [0x00000000e0000000, 0x0000000100000000)
  region size 1024K, 98 young (100352K), 13 survivors (13312K)
 Metaspace       used 80129K, capacity 83046K, committed 83408K, reserved 327680K
  class space    used 10079K, capacity 11047K, committed 11136K, reserved 253952K
}
Event: 1802.569 GC heap after
{Heap after GC invocations=64 (full 0):
 garbage-first heap   total 262144K, used 130984K [0x00000000e0000000, 0x0000000100000000)
  region size 1024K, 9 young (9216K), 9 survivors (9216K)
 Metaspace       used 80129K, capacity 83046K, committed 83408K, reserved 327680K
  class space    used 10079K, capacity 11047K, committed 11136K, reserved 253952K
}
Event: 1802.583 GC heap before
{Heap before GC invocations=64 (full 0):
 garbage-first heap   total 262144K, used 134056K [0x00000000e0000000, 0x0000000100000000)
  region size 1024K, 12 young (12288K), 9 survivors (9216K)
 Metaspace       used 80129K, capacity 83046K, committed 83408K, reserved 327680K
  class space    used 10079K, capacity 11047K, committed 11136K, reserved 253952K
}
Event: 1802.608 GC heap after
{Heap after GC invocations=65 (full 0):
 garbage-first heap   total 262144K, used 118228K [0x00000000e0000000, 0x0000000100000000)
  region size 1024K, 2 young (2048K), 2 survivors (2048K)
 Metaspace       used 80129K, capacity 83046K, committed 83408K, reserved 327680K
  class space    used 10079K, capacity 11047K, committed 11136K, reserved 253952K
}
Event: 1803.023 GC heap before
{Heap before GC invocations=65 (full 0):
 garbage-first heap   total 262144K, used 215508K [0x00000000e0000000, 0x0000000100000000)
  region size 1024K, 97 young (99328K), 2 survivors (2048K)
 Metaspace       used 80522K, capacity 83464K, committed 83664K, reserved 327680K
  class space    used 10125K, capacity 11096K, committed 11136K, reserved 253952K
}
Event: 1803.030 GC heap after
{Heap after GC invocations=66 (full 0):
 garbage-first heap   total 262144K, used 121308K [0x00000000e0000000, 0x0000000100000000)
  region size 1024K, 5 young (5120K), 5 survivors (5120K)
 Metaspace       used 80522K, capacity 83464K, committed 83664K, reserved 327680K
  class space    used 10125K, capacity 11096K, committed 11136K, reserved 253952K
}
Event: 1859.554 GC heap before
{Heap before GC invocations=66 (full 0):
 garbage-first heap   total 262144K, used 217564K [0x00000000e0000000, 0x0000000100000000)
  region size 1024K, 99 young (101376K), 5 survivors (5120K)
 Metaspace       used 80839K, capacity 83794K, committed 84048K, reserved 327680K
  class space    used 10157K, capacity 11157K, committed 11264K, reserved 253952K
}
Event: 1859.564 GC heap after
{Heap after GC invocations=67 (full 0):
 garbage-first heap   total 262144K, used 128963K [0x00000000e0000000, 0x0000000100000000)
  region size 1024K, 12 young (12288K), 12 survivors (12288K)
 Metaspace       used 80839K, capacity 83794K, committed 84048K, reserved 327680K
  class space    used 10157K, capacity 11157K, committed 11264K, reserved 253952K
}
Event: 1859.873 GC heap before
{Heap before GC invocations=67 (full 0):
 garbage-first heap   total 262144K, used 218051K [0x00000000e0000000, 0x0000000100000000)
  region size 1024K, 99 young (101376K), 12 survivors (12288K)
 Metaspace       used 80845K, capacity 83794K, committed 84048K, reserved 327680K
  class space    used 10157K, capacity 11157K, committed 11264K, reserved 253952K
}
Event: 1859.885 GC heap after
{Heap after GC invocations=68 (full 0):
 garbage-first heap   total 262144K, used 134829K [0x00000000e0000000, 0x0000000100000000)
  region size 1024K, 6 young (6144K), 6 survivors (6144K)
 Metaspace       used 80845K, capacity 83794K, committed 84048K, reserved 327680K
  class space    used 10157K, capacity 11157K, committed 11264K, reserved 253952K
}
Event: 1860.609 GC heap before
{Heap before GC invocations=69 (full 0):
 garbage-first heap   total 262144K, used 215725K [0x00000000e0000000, 0x0000000100000000)
  region size 1024K, 88 young (90112K), 6 survivors (6144K)
 Metaspace       used 78340K, capacity 81276K, committed 84048K, reserved 327680K
  class space    used 9846K, capacity 10829K, committed 11264K, reserved 253952K
}
Event: 1860.616 GC heap after
{Heap after GC invocations=70 (full 0):
 garbage-first heap   total 262144K, used 134766K [0x00000000e0000000, 0x0000000100000000)
  region size 1024K, 9 young (9216K), 9 survivors (9216K)
 Metaspace       used 78340K, capacity 81276K, committed 84048K, reserved 327680K
  class space    used 9846K, capacity 10829K, committed 11264K, reserved 253952K
}
Event: 1860.618 GC heap before
{Heap before GC invocations=70 (full 0):
 garbage-first heap   total 262144K, used 137838K [0x00000000e0000000, 0x0000000100000000)
  region size 1024K, 12 young (12288K), 9 survivors (9216K)
 Metaspace       used 78340K, capacity 81276K, committed 84048K, reserved 327680K
  class space    used 9846K, capacity 10829K, committed 11264K, reserved 253952K
}
Event: 1860.643 GC heap after
{Heap after GC invocations=71 (full 0):
 garbage-first heap   total 262144K, used 121462K [0x00000000e0000000, 0x0000000100000000)
  region size 1024K, 1 young (1024K), 1 survivors (1024K)
 Metaspace       used 78340K, capacity 81276K, committed 84048K, reserved 327680K
  class space    used 9846K, capacity 10829K, committed 11264K, reserved 253952K
}
Event: 3138.178 GC heap before
{Heap before GC invocations=71 (full 0):
 garbage-first heap   total 262144K, used 216694K [0x00000000e0000000, 0x0000000100000000)
  region size 1024K, 95 young (97280K), 1 survivors (1024K)
 Metaspace       used 79047K, capacity 82272K, committed 84048K, reserved 327680K
  class space    used 9979K, capacity 11060K, committed 11264K, reserved 253952K
}
Event: 3138.188 GC heap after
{Heap after GC invocations=72 (full 0):
 garbage-first heap   total 262144K, used 125296K [0x00000000e0000000, 0x0000000100000000)
  region size 1024K, 5 young (5120K), 5 survivors (5120K)
 Metaspace       used 79047K, capacity 82272K, committed 84048K, reserved 327680K
  class space    used 9979K, capacity 11060K, committed 11264K, reserved 253952K
}
Event: 3138.983 GC heap before
{Heap before GC invocations=72 (full 0):
 garbage-first heap   total 262144K, used 217456K [0x00000000e0000000, 0x0000000100000000)
  region size 1024K, 96 young (98304K), 5 survivors (5120K)
 Metaspace       used 79725K, capacity 83322K, committed 84176K, reserved 327680K
  class space    used 10091K, capacity 11274K, committed 11392K, reserved 253952K
}
Event: 3138.993 GC heap after
{Heap after GC invocations=73 (full 0):
 garbage-first heap   total 262144K, used 132899K [0x00000000e0000000, 0x0000000100000000)
  region size 1024K, 12 young (12288K), 12 survivors (12288K)
 Metaspace       used 79725K, capacity 83322K, committed 84176K, reserved 327680K
  class space    used 10091K, capacity 11274K, committed 11392K, reserved 253952K
}
Event: 3139.241 GC heap before
{Heap before GC invocations=73 (full 0):
 garbage-first heap   total 262144K, used 217891K [0x00000000e0000000, 0x0000000100000000)
  region size 1024K, 95 young (97280K), 12 survivors (12288K)
 Metaspace       used 79729K, capacity 83386K, committed 84176K, reserved 327680K
  class space    used 10091K, capacity 11274K, committed 11392K, reserved 253952K
}
Event: 3139.253 GC heap after
{Heap after GC invocations=74 (full 0):
 garbage-first heap   total 262144K, used 137799K [0x00000000e0000000, 0x0000000100000000)
  region size 1024K, 6 young (6144K), 6 survivors (6144K)
 Metaspace       used 79729K, capacity 83386K, committed 84176K, reserved 327680K
  class space    used 10091K, capacity 11274K, committed 11392K, reserved 253952K
}

Deoptimization events (20 events):
Event: 3138.817 Thread 0x000002b377b8c000 Uncommon trap: trap_request=0xfffffff4 fr.pc=0x000002b3643276fc relative=0x0000000000000ebc
Event: 3138.817 Thread 0x000002b377b8c000 Uncommon trap: reason=null_check action=make_not_entrant pc=0x000002b3643276fc method=org.gradle.api.internal.artifacts.ivyservice.modulecache.PersistentModuleMetadataCache.get(Lorg/gradle/api/internal/artifacts/ivyservice/modulecache/ModuleComponentAtRep
Event: 3138.817 Thread 0x000002b377b8c000 DEOPT PACKING pc=0x000002b3643276fc sp=0x000000ecebaf8980
Event: 3138.817 Thread 0x000002b377b8c000 DEOPT UNPACKING pc=0x000002b35bb3912f sp=0x000000ecebaf88e8 mode 2
Event: 3138.818 Thread 0x000002b377b8c000 Uncommon trap: trap_request=0xffffff45 fr.pc=0x000002b36449ce44 relative=0x00000000000096a4
Event: 3138.818 Thread 0x000002b377b8c000 Uncommon trap: reason=unstable_if action=reinterpret pc=0x000002b36449ce44 method=org.gradle.api.internal.artifacts.ivyservice.ivyresolve.CachingModuleComponentRepository$LocateInCacheRepositoryAccess.estimateMetadataFetchingCost(Lorg/gradle/api/artifacts
Event: 3138.818 Thread 0x000002b377b8c000 DEOPT PACKING pc=0x000002b36449ce44 sp=0x000000ecebaf8a00
Event: 3138.818 Thread 0x000002b377b8c000 DEOPT UNPACKING pc=0x000002b35bb3912f sp=0x000000ecebaf89b0 mode 2
Event: 3138.818 Thread 0x000002b377b8c000 Uncommon trap: trap_request=0xffffff45 fr.pc=0x000002b364491438 relative=0x00000000000002f8
Event: 3138.818 Thread 0x000002b377b8c000 Uncommon trap: reason=unstable_if action=reinterpret pc=0x000002b364491438 method=org.gradle.api.internal.artifacts.ivyservice.resolveengine.ComponentResolversChain$ComponentMetaDataResolverChain.isFetchingMetadataCheap(Lorg/gradle/api/artifacts/component
Event: 3138.818 Thread 0x000002b377b8c000 DEOPT PACKING pc=0x000002b364491438 sp=0x000000ecebaf8b50
Event: 3138.818 Thread 0x000002b377b8c000 DEOPT UNPACKING pc=0x000002b35bb3912f sp=0x000000ecebaf8a88 mode 2
Event: 3138.818 Thread 0x000002b377b8c000 Uncommon trap: trap_request=0xffffff45 fr.pc=0x000002b3644f6c2c relative=0x0000000000009d0c
Event: 3138.818 Thread 0x000002b377b8c000 Uncommon trap: reason=unstable_if action=reinterpret pc=0x000002b3644f6c2c method=org.gradle.api.internal.artifacts.ivyservice.ivyresolve.CachingModuleComponentRepository$LocateInCacheRepositoryAccess.resolveComponentMetaDataFromCache(Lorg/gradle/api/arti
Event: 3138.818 Thread 0x000002b377b8c000 DEOPT PACKING pc=0x000002b3644f6c2c sp=0x000000ecebaf85b0
Event: 3138.818 Thread 0x000002b377b8c000 DEOPT UNPACKING pc=0x000002b35bb3912f sp=0x000000ecebaf8638 mode 2
Event: 3138.818 Thread 0x000002b377b8c000 Uncommon trap: trap_request=0xffffff45 fr.pc=0x000002b36430071c relative=0x000000000000069c
Event: 3138.818 Thread 0x000002b377b8c000 Uncommon trap: reason=unstable_if action=reinterpret pc=0x000002b36430071c method=org.gradle.api.internal.artifacts.ivyservice.ivyresolve.ComponentMetaDataResolveState.resolve()Lorg/gradle/internal/resolve/result/BuildableModuleComponentMetaDataResolveRes
Event: 3138.818 Thread 0x000002b377b8c000 DEOPT PACKING pc=0x000002b36430071c sp=0x000000ecebaf8870
Event: 3138.818 Thread 0x000002b377b8c000 DEOPT UNPACKING pc=0x000002b35bb3912f sp=0x000000ecebaf8868 mode 2

Classes unloaded (20 events):
Event: 1860.133 Thread 0x000002b36e2bb000 Unloading class 0x0000000801052698 'org/gradle/internal/impldep/com/google/common/collect/Iterators$9'
Event: 1860.133 Thread 0x000002b36e2bb000 Unloading class 0x00000008010523c0 'org/gradle/internal/impldep/com/google/common/collect/UnmodifiableListIterator'
Event: 1860.133 Thread 0x000002b36e2bb000 Unloading class 0x0000000801052150 'org/gradle/internal/impldep/com/google/common/collect/Iterators$5'
Event: 1860.133 Thread 0x000002b36e2bb000 Unloading class 0x0000000801051ee0 'org/gradle/internal/impldep/com/google/common/collect/AbstractIterator'
Event: 1860.133 Thread 0x000002b36e2bb000 Unloading class 0x0000000801051c80 'org/gradle/internal/impldep/com/google/common/collect/UnmodifiableIterator'
Event: 1860.133 Thread 0x000002b36e2bb000 Unloading class 0x0000000801051a68 'org/gradle/internal/impldep/com/google/common/collect/Iterators'
Event: 1860.133 Thread 0x000002b36e2bb000 Unloading class 0x0000000801051850 'org/gradle/internal/impldep/com/google/common/base/Preconditions'
Event: 1860.133 Thread 0x000002b36e2bb000 Unloading class 0x0000000801051318 'org/gradle/internal/impldep/com/google/common/collect/Lists$StringAsImmutableList'
Event: 1860.133 Thread 0x000002b36e2bb000 Unloading class 0x0000000801050de8 'org/gradle/internal/impldep/com/google/common/collect/ImmutableList'
Event: 1860.133 Thread 0x000002b36e2bb000 Unloading class 0x0000000801050a20 'org/gradle/internal/impldep/com/google/common/collect/ImmutableCollection'
Event: 1860.133 Thread 0x000002b36e2bb000 Unloading class 0x0000000801050530 'org/gradle/internal/impldep/com/google/common/collect/Lists$RandomAccessPartition'
Event: 1860.133 Thread 0x000002b36e2bb000 Unloading class 0x0000000801050040 'org/gradle/internal/impldep/com/google/common/collect/Lists$Partition'
Event: 1860.133 Thread 0x000002b36e2bb000 Unloading class 0x0000000801046040 'org/gradle/internal/impldep/com/google/common/collect/Lists$TransformingSequentialList'
Event: 1860.133 Thread 0x000002b36e2bb000 Unloading class 0x0000000801046840 'org/gradle/internal/impldep/com/google/common/collect/Lists$TransformingRandomAccessList'
Event: 1860.133 Thread 0x000002b36e2bb000 Unloading class 0x0000000801047470 'org/gradle/internal/impldep/com/google/common/collect/Lists'
Event: 1860.133 Thread 0x000002b36e2bb000 Unloading class 0x0000000801047250 'org/jetbrains/plugins/gradle/tooling/ErrorMessageBuilder'
Event: 1860.133 Thread 0x000002b36e2bb000 Unloading class 0x0000000801047040 'org/jetbrains/plugins/gradle/tooling/ModelBuilderService'
Event: 1860.133 Thread 0x000002b36e2bb000 Unloading class 0x0000000801040ca0 'com/intellij/openapi/externalSystem/model/ExternalSystemException'
Event: 1860.133 Thread 0x000002b36e2bb000 Unloading class 0x0000000801040a90 'org/jetbrains/plugins/gradle/tooling/ModelBuilderContext'
Event: 1860.133 Thread 0x000002b36e2bb000 Unloading class 0x0000000801040840 'org/jetbrains/plugins/gradle/tooling/internal/ExtraModelBuilder'

Classes redefined (0 events):
No events

Internal exceptions (20 events):
Event: 1860.713 Thread 0x000002b377b8e000 Implicit null exception at 0x000002b363f5f568 to 0x000002b363f5f748
Event: 3138.131 Thread 0x000002b377b95000 Exception <a 'sun/nio/fs/WindowsException'{0x00000000ea484cd0}> (0x00000000ea484cd0) 
thrown [./open/src/hotspot/share/prims/jni.cpp, line 599]
Event: 3138.132 Thread 0x000002b377b95000 Exception <a 'sun/nio/fs/WindowsException'{0x00000000ea484eb8}> (0x00000000ea484eb8) 
thrown [./open/src/hotspot/share/prims/jni.cpp, line 599]
Event: 3138.138 Thread 0x000002b377b8c000 Exception <a 'java/lang/ClassNotFoundException'{0x00000000ea303888}: sync_studio_tooling3_21xv1qj3d769e0gsg9uzw34cfBeanInfo> (0x00000000ea303888) 
thrown [./open/src/hotspot/share/classfile/systemDictionary.cpp, line 226]
Event: 3138.138 Thread 0x000002b377b8c000 Exception <a 'java/lang/ClassNotFoundException'{0x00000000ea30f5e0}: sync_studio_tooling3_21xv1qj3d769e0gsg9uzw34cfCustomizer> (0x00000000ea30f5e0) 
thrown [./open/src/hotspot/share/classfile/systemDictionary.cpp, line 226]
Event: 3138.161 Thread 0x000002b377b9a000 Exception <a 'sun/nio/fs/WindowsException'{0x00000000ea3f0810}> (0x00000000ea3f0810) 
thrown [./open/src/hotspot/share/prims/jni.cpp, line 599]
Event: 3138.162 Thread 0x000002b377b9a000 Exception <a 'sun/nio/fs/WindowsException'{0x00000000ea3f09f0}> (0x00000000ea3f09f0) 
thrown [./open/src/hotspot/share/prims/jni.cpp, line 599]
Event: 3138.166 Thread 0x000002b377b8c000 Exception <a 'java/lang/ClassNotFoundException'{0x00000000ea2696c0}: sync_studio_tooling3_21xv1qj3d769e0gsg9uzw34cfBeanInfo> (0x00000000ea2696c0) 
thrown [./open/src/hotspot/share/classfile/systemDictionary.cpp, line 226]
Event: 3138.166 Thread 0x000002b377b8c000 Exception <a 'java/lang/ClassNotFoundException'{0x00000000ea2755f8}: sync_studio_tooling3_21xv1qj3d769e0gsg9uzw34cfCustomizer> (0x00000000ea2755f8) 
thrown [./open/src/hotspot/share/classfile/systemDictionary.cpp, line 226]
Event: 3138.354 Thread 0x000002b377b8c000 Exception <a 'java/lang/ClassNotFoundException'{0x00000000ef9032e8}: build_ed40agu2anmodmczs9js334ltBeanInfo> (0x00000000ef9032e8) 
thrown [./open/src/hotspot/share/classfile/systemDictionary.cpp, line 226]
Event: 3138.354 Thread 0x000002b377b8c000 Exception <a 'java/lang/ClassNotFoundException'{0x00000000ef90de30}: build_ed40agu2anmodmczs9js334ltCustomizer> (0x00000000ef90de30) 
thrown [./open/src/hotspot/share/classfile/systemDictionary.cpp, line 226]
Event: 3138.394 Thread 0x000002b377b8c000 Exception <a 'java/lang/NoClassDefFoundError'{0x00000000ef636c38}: org/jetbrains/kotlin/gradle/plugin/KotlinPluginWrapper> (0x00000000ef636c38) 
thrown [./open/src/hotspot/share/oops/constantPool.cpp, line 783]
Event: 3138.487 Thread 0x000002b377b96000 Exception <a 'sun/nio/fs/WindowsException'{0x00000000ef2af050}> (0x00000000ef2af050) 
thrown [./open/src/hotspot/share/prims/jni.cpp, line 599]
Event: 3138.488 Thread 0x000002b377b96000 Exception <a 'sun/nio/fs/WindowsException'{0x00000000ef2af230}> (0x00000000ef2af230) 
thrown [./open/src/hotspot/share/prims/jni.cpp, line 599]
Event: 3138.491 Thread 0x000002b377b8c000 Exception <a 'java/lang/ClassNotFoundException'{0x00000000ef130b20}: build_ed40agu2anmodmczs9js334ltBeanInfo> (0x00000000ef130b20) 
thrown [./open/src/hotspot/share/classfile/systemDictionary.cpp, line 226]
Event: 3138.491 Thread 0x000002b377b8c000 Exception <a 'java/lang/ClassNotFoundException'{0x00000000ef13b668}: build_ed40agu2anmodmczs9js334ltCustomizer> (0x00000000ef13b668) 
thrown [./open/src/hotspot/share/classfile/systemDictionary.cpp, line 226]
Event: 3138.813 Thread 0x000002b377b8c000 Implicit null exception at 0x000002b36427ebde to 0x000002b36427ee1d
Event: 3138.817 Thread 0x000002b377b8c000 Implicit null exception at 0x000002b364326de8 to 0x000002b3643276ec
Event: 3138.818 Thread 0x000002b377b8c000 Implicit null exception at 0x000002b364493a38 to 0x000002b36449ce28
Event: 3138.818 Thread 0x000002b377b8c000 Implicit null exception at 0x000002b3644ed074 to 0x000002b3644f6c04

Events (20 events):
Event: 3138.513 Thread 0x000002b374394000 Thread added: 0x000002b374394000
Event: 3138.525 Executing VM operation: HandshakeOneThread
Event: 3138.533 Executing VM operation: HandshakeOneThread done
Event: 3138.533 Executing VM operation: HandshakeOneThread
Event: 3138.533 Thread 0x000002b370969800 Thread exited: 0x000002b370969800
Event: 3138.533 Executing VM operation: HandshakeOneThread done
Event: 3138.533 Executing VM operation: HandshakeOneThread
Event: 3138.533 Thread 0x000002b374398000 Thread exited: 0x000002b374398000
Event: 3138.533 Executing VM operation: HandshakeOneThread done
Event: 3138.533 Thread 0x000002b374393000 Thread exited: 0x000002b374393000
Event: 3138.534 Executing VM operation: HandshakeOneThread
Event: 3138.535 Executing VM operation: HandshakeOneThread done
Event: 3138.536 Executing VM operation: HandshakeOneThread
Event: 3138.536 Executing VM operation: HandshakeOneThread done
Event: 3138.537 Executing VM operation: BulkRevokeBias
Event: 3138.538 Executing VM operation: BulkRevokeBias done
Event: 3138.983 Executing VM operation: G1CollectForAllocation
Event: 3138.993 Executing VM operation: G1CollectForAllocation done
Event: 3139.241 Executing VM operation: G1CollectForAllocation
Event: 3139.254 Executing VM operation: G1CollectForAllocation done


Dynamic libraries:
0x00007ff7873c0000 - 0x00007ff7873cf000 	C:\Program Files\Java\jdk-14.0.1\bin\java.exe
0x00007ffa0f670000 - 0x00007ffa0f866000 	C:\WINDOWS\SYSTEM32\ntdll.dll
0x00007ffa0f180000 - 0x00007ffa0f23d000 	C:\WINDOWS\System32\KERNEL32.DLL
0x00007ffa0ce30000 - 0x00007ffa0d0f9000 	C:\WINDOWS\System32\KERNELBASE.dll
0x00007ffa0d330000 - 0x00007ffa0d430000 	C:\WINDOWS\System32\ucrtbase.dll
0x00007ff9e88f0000 - 0x00007ff9e8908000 	C:\Program Files\Java\jdk-14.0.1\bin\jli.dll
0x00007ff9f1200000 - 0x00007ff9f1215000 	C:\Program Files\Java\jdk-14.0.1\bin\VCRUNTIME140.dll
0x00007ffa0e5b0000 - 0x00007ffa0e65c000 	C:\WINDOWS\System32\ADVAPI32.dll
0x00007ffa0d810000 - 0x00007ffa0d8ae000 	C:\WINDOWS\System32\msvcrt.dll
0x00007ffa0f0e0000 - 0x00007ffa0f17c000 	C:\WINDOWS\System32\sechost.dll
0x00007ffa0ee10000 - 0x00007ffa0ef3b000 	C:\WINDOWS\System32\RPCRT4.dll
0x00007ffa0dcc0000 - 0x00007ffa0de60000 	C:\WINDOWS\System32\USER32.dll
0x00007ffa06970000 - 0x00007ffa06c0b000 	C:\WINDOWS\WinSxS\amd64_microsoft.windows.common-controls_6595b64144ccf1df_6.0.19041.746_none_ca02b4b61b8320a4\COMCTL32.dll
0x00007ffa0d920000 - 0x00007ffa0d94a000 	C:\WINDOWS\System32\GDI32.dll
0x00007ffa0d6a0000 - 0x00007ffa0d6c2000 	C:\WINDOWS\System32\win32u.dll
0x00007ffa0d430000 - 0x00007ffa0d53b000 	C:\WINDOWS\System32\gdi32full.dll
0x00007ffa06d30000 - 0x00007ffa06d3a000 	C:\WINDOWS\SYSTEM32\VERSION.dll
0x00007ffa0d210000 - 0x00007ffa0d2ad000 	C:\WINDOWS\System32\msvcp_win.dll
0x00007ffa0dbe0000 - 0x00007ffa0dc10000 	C:\WINDOWS\System32\IMM32.DLL
0x00007ff9d8f00000 - 0x00007ff9d8f9b000 	C:\Program Files\Java\jdk-14.0.1\bin\msvcp140.dll
0x00007ff9ab5c0000 - 0x00007ff9ac0de000 	C:\Program Files\Java\jdk-14.0.1\bin\server\jvm.dll
0x00007ffa0d910000 - 0x00007ffa0d918000 	C:\WINDOWS\System32\PSAPI.DLL
0x00007ff9ef8c0000 - 0x00007ff9ef8c9000 	C:\WINDOWS\SYSTEM32\WSOCK32.dll
0x00007ffa0db70000 - 0x00007ffa0dbdb000 	C:\WINDOWS\System32\WS2_32.dll
0x00007ff9fb710000 - 0x00007ff9fb737000 	C:\WINDOWS\SYSTEM32\WINMM.dll
0x00007ffa0ac10000 - 0x00007ffa0ac22000 	C:\WINDOWS\SYSTEM32\kernel.appcore.dll
0x00007ff9e8a40000 - 0x00007ff9e8a4a000 	C:\Program Files\Java\jdk-14.0.1\bin\jimage.dll
0x00007ff9fe280000 - 0x00007ff9fe464000 	C:\WINDOWS\SYSTEM32\DBGHELP.DLL
0x00007ff9fe250000 - 0x00007ff9fe27c000 	C:\WINDOWS\SYSTEM32\dbgcore.DLL
0x00007ffa0cdb0000 - 0x00007ffa0ce30000 	C:\WINDOWS\System32\bcryptPrimitives.dll
0x00007ff9e83d0000 - 0x00007ff9e83f5000 	C:\Program Files\Java\jdk-14.0.1\bin\java.dll
0x00007ff9e83b0000 - 0x00007ff9e83c6000 	C:\Program Files\Java\jdk-14.0.1\bin\zip.dll
0x00007ffa0de60000 - 0x00007ffa0e5a2000 	C:\WINDOWS\System32\SHELL32.dll
0x00007ffa0af20000 - 0x00007ffa0b6b0000 	C:\WINDOWS\SYSTEM32\windows.storage.dll
0x00007ffa0f2d0000 - 0x00007ffa0f626000 	C:\WINDOWS\System32\combase.dll
0x00007ffa0c810000 - 0x00007ffa0c83c000 	C:\WINDOWS\SYSTEM32\Wldp.dll
0x00007ffa0dc10000 - 0x00007ffa0dcbe000 	C:\WINDOWS\System32\SHCORE.dll
0x00007ffa0ef40000 - 0x00007ffa0ef95000 	C:\WINDOWS\System32\shlwapi.dll
0x00007ffa0cce0000 - 0x00007ffa0cd06000 	C:\WINDOWS\SYSTEM32\profapi.dll
0x00007ff9e4de0000 - 0x00007ff9e4df9000 	C:\Program Files\Java\jdk-14.0.1\bin\net.dll
0x00007ffa03330000 - 0x00007ffa03430000 	C:\WINDOWS\SYSTEM32\WINHTTP.dll
0x00007ffa0c590000 - 0x00007ffa0c5fa000 	C:\WINDOWS\system32\mswsock.dll
0x00007ff9deea0000 - 0x00007ff9deeb2000 	C:\Program Files\Java\jdk-14.0.1\bin\nio.dll
0x00007ff9e88e0000 - 0x00007ff9e88f0000 	C:\Program Files\Java\jdk-14.0.1\bin\verify.dll
0x00007ff9f1220000 - 0x00007ff9f1247000 	C:\Users\Madit\.gradle\native\fdc75f09e3144964f2cf3f50f0aa648679c211496f362492102eb8c894070792\windows-amd64\native-platform.dll
0x00007ff9d26d0000 - 0x00007ff9d2866000 	C:\Users\Madit\.gradle\native\12488b8bf47d2d4c9fbf2f6322a914ad602e24e48041cd04a747c6da556b65c4\windows-amd64\native-platform-file-events.dll
0x00007ff9e8430000 - 0x00007ff9e8439000 	C:\Program Files\Java\jdk-14.0.1\bin\management.dll
0x00007ff9e83a0000 - 0x00007ff9e83ab000 	C:\Program Files\Java\jdk-14.0.1\bin\management_ext.dll
0x00007ffa0c760000 - 0x00007ffa0c778000 	C:\WINDOWS\SYSTEM32\CRYPTSP.dll
0x00007ffa0bec0000 - 0x00007ffa0bef4000 	C:\WINDOWS\system32\rsaenh.dll
0x00007ffa0d300000 - 0x00007ffa0d327000 	C:\WINDOWS\System32\bcrypt.dll
0x00007ffa0cc60000 - 0x00007ffa0cc8e000 	C:\WINDOWS\SYSTEM32\USERENV.dll
0x00007ffa0c780000 - 0x00007ffa0c78c000 	C:\WINDOWS\SYSTEM32\CRYPTBASE.dll
0x00007ffa0c230000 - 0x00007ffa0c26b000 	C:\WINDOWS\SYSTEM32\IPHLPAPI.DLL
0x00007ffa0f240000 - 0x00007ffa0f248000 	C:\WINDOWS\System32\NSI.dll
0x00007ffa05780000 - 0x00007ffa05797000 	C:\WINDOWS\SYSTEM32\dhcpcsvc6.DLL
0x00007ffa042d0000 - 0x00007ffa042ed000 	C:\WINDOWS\SYSTEM32\dhcpcsvc.DLL
0x00007ffa0c280000 - 0x00007ffa0c34b000 	C:\WINDOWS\SYSTEM32\DNSAPI.dll
0x00007ffa057e0000 - 0x00007ffa057eb000 	C:\WINDOWS\SYSTEM32\WINNSI.DLL

dbghelp: loaded successfully - version: 4.0.5 - missing functions: none
symbol engine: initialized successfully - sym options: 0x614 - pdb path: .;C:\Program Files\Java\jdk-14.0.1\bin;C:\WINDOWS\SYSTEM32;C:\WINDOWS\WinSxS\amd64_microsoft.windows.common-controls_6595b64144ccf1df_6.0.19041.746_none_ca02b4b61b8320a4;C:\Program Files\Java\jdk-14.0.1\bin\server;C:\Users\Madit\.gradle\native\fdc75f09e3144964f2cf3f50f0aa648679c211496f362492102eb8c894070792\windows-amd64;C:\Users\Madit\.gradle\native\12488b8bf47d2d4c9fbf2f6322a914ad602e24e48041cd04a747c6da556b65c4\windows-amd64

VM Arguments:
jvm_args: -XX:MaxMetaspaceSize=256m -XX:+HeapDumpOnOutOfMemoryError --add-opens=java.base/java.util=ALL-UNNAMED --add-opens=java.base/java.lang=ALL-UNNAMED --add-opens=java.base/java.lang.invoke=ALL-UNNAMED --add-opens=java.prefs/java.util.prefs=ALL-UNNAMED -Xms256m -Xmx512m -Dfile.encoding=windows-1252 -Duser.country=FR -Duser.language=fr -Duser.variant 
java_command: org.gradle.launcher.daemon.bootstrap.GradleDaemon 6.8.2
java_class_path (initial): C:\Users\Madit\.gradle\wrapper\dists\gradle-6.8.2-bin\5nlkemqlnno2amj7d1mfn69bt\gradle-6.8.2\lib\gradle-launcher-6.8.2.jar
Launcher Type: SUN_STANDARD

[Global flags]
     intx CICompilerCount                          = 3                                         {product} {ergonomic}
   size_t CompressedClassSpaceSize                 = 260046848                                 {product} {ergonomic}
     uint ConcGCThreads                            = 1                                         {product} {ergonomic}
     uint G1ConcRefinementThreads                  = 4                                         {product} {ergonomic}
   size_t G1HeapRegionSize                         = 1048576                                   {product} {ergonomic}
    uintx GCDrainStackTargetSize                   = 64                                        {product} {ergonomic}
     bool HeapDumpOnOutOfMemoryError               = true                                   {manageable} {command line}
   size_t InitialHeapSize                          = 268435456                                 {product} {command line}
   size_t MarkStackSize                            = 4194304                                   {product} {ergonomic}
   size_t MaxHeapSize                              = 536870912                                 {product} {command line}
   size_t MaxMetaspaceSize                         = 268435456                                 {product} {command line}
   size_t MaxNewSize                               = 321912832                                 {product} {ergonomic}
   size_t MinHeapDeltaBytes                        = 1048576                                   {product} {ergonomic}
   size_t MinHeapSize                              = 268435456                                 {product} {command line}
    uintx NonNMethodCodeHeapSize                   = 5832780                                {pd product} {ergonomic}
    uintx NonProfiledCodeHeapSize                  = 122912730                              {pd product} {ergonomic}
    uintx ProfiledCodeHeapSize                     = 122912730                              {pd product} {ergonomic}
    uintx ReservedCodeCacheSize                    = 251658240                              {pd product} {ergonomic}
     bool SegmentedCodeCache                       = true                                      {product} {ergonomic}
   size_t SoftMaxHeapSize                          = 536870912                              {manageable} {ergonomic}
     bool UseCompressedClassPointers               = true                                 {lp64_product} {ergonomic}
     bool UseCompressedOops                        = true                                 {lp64_product} {ergonomic}
     bool UseG1GC                                  = true                                      {product} {ergonomic}
     bool UseLargePagesIndividualAllocation        = false                                  {pd product} {ergonomic}

Logging:
Log output configuration:
 #0: stdout all=warning uptime,level,tags
 #1: stderr all=off uptime,level,tags

Environment Variables:
JAVA_HOME=C:\Program Files\Java\jdk-14.0.1
PATH=C:\Users\Madit\AppData\Local\Programs\Python\Python38\Scripts\;C:\Users\Madit\AppData\Local\Programs\Python\Python38\;C:\Program Files\Python39\Scripts\;C:\Program Files\Python39\;C:\Python38\Scripts\;C:\Python38\;C:\Program Files (x86)\Common Files\Oracle\Java\javapath;C:\Windows\system32;C:\Windows;C:\Windows\System32\Wbem;C:\Windows\System32\WindowsPowerShell\v1.0\;C:\Windows\System32\OpenSSH\;C:\Program Files (x86)\NVIDIA Corporation\PhysX\Common;C:\Program Files\NVIDIA Corporation\NVIDIA NvDLISR;C:\WINDOWS\system32;C:\WINDOWS;C:\WINDOWS\System32\Wbem;C:\WINDOWS\System32\WindowsPowerShell\v1.0\;C:\WINDOWS\System32\OpenSSH\;E:\Git\cmd;E:\Git\mingw64\bin;E:\Git\usr\bin;C:\wamp64\bin\php\php7.3.5;C:\ProgramData\chocolatey\bin;C:\Program Files\nodejs\;C:\Program Files\Azure Data Studio\bin;C:\Program Files\dotnet\;C:\Program Files (x86)\dotnet\;C:\ProgramData\ComposerSetup\bin;C:\Program Files\Microsoft SQL Server\Client SDK\ODBC\130\Tools\Binn\;C:\Program Files (x86)\Microsoft SQL Server\140\Tools\Binn\;C:\Program Files\Microsoft SQL Server\140\Tools\Binn\;C:\Program Files\Microsoft SQL Server\140\DTS\Binn\;C:\Program Files\Docker\Docker\resources\bin;C:\ProgramData\DockerDesktop\version-bin;C:\Program Files (x86)\Java\jdk-13.0.1\bin;E:\Intellij\IntelliJ IDEA 2020.2.3\bin;;C:\Users\Madit\AppData\Local\Microsoft\WindowsApps;E:\VisualStudioCode\Microsoft VS Code\bin;C:\Users\Madit\AppData\Roaming\npm;C:\Program Files\Azure Data Studio\bin;C:\Users\Madit\.dotnet\tools;C:\Users\Madit\AppData\Roaming\Composer\vendor\bin;C:\Users\Madit\AppData\Local\Android\Sdk\platform-tools;
USERNAME=Maditake
OS=Windows_NT
PROCESSOR_IDENTIFIER=Intel64 Family 6 Model 60 Stepping 3, GenuineIntel



---------------  S Y S T E M  ---------------

OS: Windows 10 , 64 bit Build 19041 (10.0.19041.804)
OS uptime: 0 days 1:32 hours

CPU:total 4 (initial active 4) (4 cores per cpu, 1 threads per core) family 6 model 60 stepping 3, cmov, cx8, fxsr, mmx, sse, sse2, sse3, ssse3, sse4.1, sse4.2, popcnt, avx, avx2, aes, clmul, erms, lzcnt, tsc, tscinvbit, bmi1, bmi2, fma

Memory: 4k page, system-wide physical 16312M (8367M free)
TotalPageFile size 18744M (AvailPageFile size 7657M)
current process WorkingSet (physical memory assigned to process): 497M, peak: 555M
current process commit charge ("private bytes"): 566M, peak: 583M

vm_info: Java HotSpot(TM) 64-Bit Server VM (14.0.1+7) for windows-amd64 JRE (14.0.1+7), built on Mar  5 2020 10:30:14 by "mach5one" with MS VC++ 15.9 (VS2017)

END.
